INFO - [♥] Lovely 0.7.1
INFO - [♥] Game directory is at "G:\\Games\\Balatro v1.0.1.n-FULL\\Balatro"
INFO - [♥] Writing logs to "C:\\Users\\saydy\\AppData\\Roaming\\Balatro\\Mods\\lovely\\log"
INFO - [♥] Using mod directory at "C:\\Users\\saydy\\AppData\\Roaming\\Balatro\\Mods"
INFO - [♥] Initialization complete in 12ms
WARN - [♥] Pattern 'G.ARGS.score_intensity.organ = G.video_organ or G.ARGS.score_intensity.required_score > 0 and math.max(math.min(0.4, 0.1*math.log(G.ARGS.score_intensity.earned_score/(G.ARGS.score_intensity.required_score+1), 5)),0.) or 0' on target 'main.lua' for pattern patch from Talisman\lovely.toml resulted in no matches
WARN - [♥] Pattern 'if type(G.GAME.current_round.current_hand.chips) ~= \'number\' or type(G.GAME.current_round.current_hand.mult) ~= \'number\' then' on target 'main.lua' for pattern patch from Talisman\lovely.toml resulted in no matches
INFO - [♥] Applied 14 patches to 'main.lua'
INFO - [♥] Applied 2 patches to 'engine/string_packer.lua'
INFO - [♥] Applied 5 patches to 'engine/controller.lua'
INFO - [♥] Applied 12 patches to 'back.lua'
INFO - [♥] Applied 6 patches to 'tag.lua'
INFO - [♥] Applied 2 patches to 'engine/moveable.lua'
INFO - [♥] Applied 2 patches to 'engine/sprite.lua'
INFO - [♥] Applied 2 patches to 'engine/animatedsprite.lua'
WARN - [♥] Pattern 'assembled_string = assembled_string..(type(subpart) == \'string\' and subpart or args.vars[tonumber(subpart[1])] or \'ERROR\')' on target 'functions/misc_functions.lua' for pattern patch from Talisman\lovely.toml resulted in no matches
INFO - [♥] Applied 45 patches to 'functions/misc_functions.lua'
INFO - [♥] Applied 32 patches to 'game.lua'
INFO - [♥] Applied 1 patch to 'globals.lua'
INFO - [♥] Applied 6 patches to 'engine/ui.lua'
WARN - [♥] Pattern '{n=G.UIT.T, config={text = G.GAME.hands[handname].chips, scale = 0.45, colour = G.C.UI.TEXT_LIGHT}},' on target 'functions/UI_definitions.lua' for pattern patch from Talisman\lovely.toml resulted in no matches
WARN - [♥] Pattern '{n=G.UIT.T, config={text = G.GAME.hands[handname].mult, scale = 0.45, colour = G.C.UI.TEXT_LIGHT}}' on target 'functions/UI_definitions.lua' for pattern patch from Talisman\lovely.toml resulted in no matches
INFO - [♥] Applied 72 patches to 'functions/UI_definitions.lua'
WARN - [♥] Pattern 'if effects[ii].card then' on target 'functions/state_events.lua' for pattern patch from Talisman\lovely.toml resulted in no matches
WARN - [♥] Pattern 'if effects.jokers.Xmult_mod then mult = mod_mult(mult*effects.jokers.Xmult_mod);extras.mult = true  end' on target 'functions/state_events.lua' for pattern patch from Talisman\lovely.toml resulted in no matches
WARN - [♥] Pattern 'if effect.Xmult_mod then mult = mod_mult(mult*effect.Xmult_mod);extras.mult = true  end' on target 'functions/state_events.lua' for pattern patch from Talisman\lovely.toml resulted in no matches
WARN - [♥] Pattern 'if effects[ii].message then' on target 'functions/state_events.lua' for pattern patch from Talisman\lovely.toml resulted in no matches
WARN - [♥] Pattern '--calculate the card edition effects' on target 'functions/state_events.lua' for pattern patch from Talisman\lovely.toml resulted in no matches
WARN - [♥] Pattern 'if effects[ii].edition.p_dollars_mod then' on target 'functions/state_events.lua' for pattern patch from Talisman\lovely.toml resulted in no matches
WARN - [♥] Pattern 'if edition_effects.jokers.x_mult_mod then' on target 'functions/state_events.lua' for pattern patch from Talisman\lovely.toml resulted in no matches
INFO - [♥] Applied 44 patches to 'functions/state_events.lua'
WARN - [♥] Pattern 'func = (function() if eval_func(card) then if not first or first then card:juice_up(0.1, 0.1) end;juice_card_until(card, eval_func, nil, 0.8) end return true end)' on target 'functions/common_events.lua' for pattern patch from Talisman\lovely.toml resulted in no matches
INFO - [♥] Applied 101 patches to 'functions/common_events.lua'
INFO - [♥] Applied 41 patches to 'functions/button_callbacks.lua'
WARN - [♥] Pattern 'if G.GAME.blind then G.E_MANAGER:add_event(Event({ func = function() G.GAME.blind:set_blind(nil, true, nil); return true end })) end' on target 'card.lua' for pattern patch from Talisman\lovely.toml resulted in no matches
INFO - [♥] Applied 143 patches to 'card.lua'
INFO - [♥] Applied 6 patches to 'cardarea.lua'
INFO - [♥] Applied 31 patches to 'blind.lua'
INFO - [♥] Applied 5 patches to 'engine/text.lua'
INFO - [G] Failed to connect to the debug server
INFO - [G] 2025-02-06 23:41:49 :: DEBUG :: DebugConsole :: Steamodded Debug Socket started !
INFO - [♥] Applied 9 patches to 'engine/sound_manager.lua'
INFO - [♥] Applied 2 patches to 'engine/string_packer.lua'
INFO - [G] 2025-02-06 23:41:50 :: TRACE :: Loader :: Processing Mod file (Legacy header): steamodded_metadata.lua
INFO - [G] 2025-02-06 23:41:50 :: TRACE :: Loader :: Saving Mod Info: Talisman
INFO - [G] 2025-02-06 23:41:50 :: INFO  :: TIMER :: [0000] Injected Language in 0.001 ms
INFO - [G] 2025-02-06 23:41:50 :: INFO  :: TIMER :: [0000] Injected [INTERNAL] in 0.747 ms
INFO - [G] 2025-02-06 23:41:51 :: INFO  :: TIMER :: [0003] Injected Atlas in 321.896 ms
INFO - [G] 2025-02-06 23:41:51 :: INFO  :: TIMER :: [0007] Injected Sound in 5.339 ms
INFO - [G] 2025-02-06 23:41:51 :: INFO  :: TIMER :: [0008] Injected Stake in 0.165 ms
INFO - [G] 2025-02-06 23:41:51 :: INFO  :: TIMER :: [0004] Injected Rarity in 0.024 ms
INFO - [G] 2025-02-06 23:41:51 :: INFO  :: TIMER :: [0004] Injected ObjectType in 0.024 ms
INFO - [G] 2025-02-06 23:41:51 :: INFO  :: TIMER :: [0048] Injected Center in 0.345 ms
INFO - [G] 2025-02-06 23:41:51 :: INFO  :: TIMER :: [0007] Injected Undiscovered Sprite in 0.006 ms
INFO - [G] 2025-02-06 23:41:51 :: INFO  :: TIMER :: [0002] Injected Blind in 0.009 ms
INFO - [G] 2025-02-06 23:41:51 :: INFO  :: TIMER :: [0004] Injected Seal in 0.182 ms
INFO - [G] 2025-02-06 23:41:51 :: INFO  :: TIMER :: [0004] Injected Suit in 0.131 ms
INFO - [G] 2025-02-06 23:41:51 :: INFO  :: TIMER :: [0013] Injected Rank in 0.121 ms
INFO - [G] 2025-02-06 23:41:51 :: INFO  :: TIMER :: [0020] Injected DeckSkin in 0.105 ms
INFO - [G] 2025-02-06 23:41:51 :: INFO  :: TIMER :: [0012] Injected PokerHand in 0.050 ms
INFO - [G] 2025-02-06 23:41:51 :: INFO  :: TIMER :: [0020] Injected Challenge in 0.051 ms
INFO - [G] 2025-02-06 23:41:51 :: INFO  :: TIMER :: [0000] Injected Tag in 0.001 ms
INFO - [G] 2025-02-06 23:41:51 :: INFO  :: TIMER :: [0004] Injected Sticker in 0.075 ms
INFO - [G] 2025-02-06 23:41:51 :: INFO  :: TIMER :: [0000] Injected Shader in 0.001 ms
INFO - [G] 2025-02-06 23:41:51 :: INFO  :: TIMER :: [0001] Injected Keybind in 0.004 ms
INFO - [G] 2025-02-06 23:41:51 :: INFO  :: TIMER :: [0000] Injected Achievement in 0.058 ms
INFO - [G] 2025-02-06 23:41:51 :: INFO  :: TIMER :: [0000] Injected [INTERNAL] in 0.188 ms
