INFO - [♥] Lovely 0.7.1
INFO - [♥] Game directory is at "G:\\Games\\Balatro v1.0.1.n-FULL\\Balatro"
INFO - [♥] Writing logs to "C:\\Users\\saydy\\AppData\\Roaming\\Balatro\\Mods\\lovely\\log"
INFO - [♥] Using mod directory at "C:\\Users\\saydy\\AppData\\Roaming\\Balatro\\Mods"
WARN - [♥] Unknown key `patches.16.?.match_indent` found in patch file at "C:\\Users\\saydy\\AppData\\Roaming\\Balatro\\Mods\\Bunco-main\\lovely.toml", ignoring it
WARN - [♥] Unknown key `patches.157.?.match_indent` found in patch file at "C:\\Users\\saydy\\AppData\\Roaming\\Balatro\\Mods\\Bunco-main\\lovely.toml", ignoring it
WARN - [♥] Unknown key `patches.21.?.match_indent` found in patch file at "C:\\Users\\saydy\\AppData\\Roaming\\Balatro\\Mods\\Cryptid-1e8d5d61911efe1f7af75f73656c2db3bd786c76\\lovely\\code.toml", ignoring it
INFO - [♥] Cleaning up dumps directory at "C:\\Users\\saydy\\AppData\\Roaming\\Balatro\\Mods\\lovely\\dump"
INFO - [♥] Initialization complete in 37ms
WARN - [♥] Pattern 'G.ARGS.score_intensity.organ = G.video_organ or G.ARGS.score_intensity.required_score > 0 and math.max(math.min(0.4, 0.1*math.log(G.ARGS.score_intensity.earned_score/(G.ARGS.score_intensity.required_score+1), 5)),0.) or 0' on target 'main.lua' for pattern patch from Talisman\lovely.toml resulted in no matches
WARN - [♥] Pattern 'if type(G.GAME.current_round.current_hand.chips) ~= \'number\' or type(G.GAME.current_round.current_hand.mult) ~= \'number\' then' on target 'main.lua' for pattern patch from Talisman\lovely.toml resulted in no matches
INFO - [♥] Applied 15 patches to 'main.lua'
INFO - [♥] Applied 2 patches to 'engine/string_packer.lua'
INFO - [♥] Applied 6 patches to 'engine/controller.lua'
INFO - [♥] Applied 12 patches to 'back.lua'
WARN - [♥] Pattern 'add_tag(Tag(_context.tag.key))' on target 'tag.lua' for pattern patch from Reverie\lovely.toml resulted in no matches
INFO - [♥] Applied 20 patches to 'tag.lua'
INFO - [♥] Applied 3 patches to 'engine/node.lua'
INFO - [♥] Applied 2 patches to 'engine/moveable.lua'
INFO - [♥] Applied 2 patches to 'engine/sprite.lua'
INFO - [♥] Applied 2 patches to 'engine/animatedsprite.lua'
WARN - [♥] Pattern 'assembled_string = assembled_string..(type(subpart) == \'string\' and subpart or args.vars[tonumber(subpart[1])] or \'ERROR\')' on target 'functions/misc_functions.lua' for pattern patch from Talisman\lovely.toml resulted in no matches
INFO - [♥] Applied 52 patches to 'functions/misc_functions.lua'
WARN - [♥] Pattern 'for i = 1, 2 do' on target 'game.lua' for pattern patch from Bunco-main\lovely.toml resulted in no matches
INFO - [♥] Applied 96 patches to 'game.lua'
INFO - [♥] Applied 4 patches to 'globals.lua'
INFO - [♥] Applied 6 patches to 'engine/ui.lua'
WARN - [♥] Pattern '{n=G.UIT.T, config={text = G.GAME.hands[handname].chips, scale = 0.45, colour = G.C.UI.TEXT_LIGHT}},' on target 'functions/UI_definitions.lua' for pattern patch from Talisman\lovely.toml resulted in no matches
WARN - [♥] Pattern '{n=G.UIT.T, config={text = G.GAME.hands[handname].mult, scale = 0.45, colour = G.C.UI.TEXT_LIGHT}}' on target 'functions/UI_definitions.lua' for pattern patch from Talisman\lovely.toml resulted in no matches
INFO - [♥] Applied 103 patches to 'functions/UI_definitions.lua'
WARN - [♥] Pattern 'ease_to = G.GAME.chips + math.floor(hand_chips * mult) * (e and e.antiscore and -1 or 1),' on target 'functions/state_events.lua' for pattern patch from Cryptid-1e8d5d61911efe1f7af75f73656c2db3bd786c76\lovely\blind.toml resulted in no matches
WARN - [♥] Pattern 'for i = 1, #G.jokers.cards do' on target 'functions/state_events.lua' for pattern patch from Cryptid-1e8d5d61911efe1f7af75f73656c2db3bd786c76\lovely\lib_modifiers.toml resulted in no matches
WARN - [♥] Pattern 'if reps[j] ~= 1 then' on target 'functions/state_events.lua' for pattern patch from Cryptid-1e8d5d61911efe1f7af75f73656c2db3bd786c76\lovely\misc.toml resulted in no matches
WARN - [♥] Pattern 'for i=1, #G.jokers.cards + #G.consumeables.cards do' on target 'functions/state_events.lua' for pattern patch from Cryptid-1e8d5d61911efe1f7af75f73656c2db3bd786c76\lovely\misc.toml resulted in no matches
WARN - [♥] Pattern 'local effects = {[1] = {playing_card = G.hand.cards[i]:get_end_of_round_effect()}}' on target 'functions/state_events.lua' for pattern patch from Cryptid-1e8d5d61911efe1f7af75f73656c2db3bd786c76\lovely\stake.toml resulted in no matches
WARN - [♥] Pattern 'if effects[ii].card then' on target 'functions/state_events.lua' for pattern patch from Talisman\lovely.toml resulted in no matches
WARN - [♥] Pattern 'if effects.jokers.Xmult_mod then mult = mod_mult(mult*effects.jokers.Xmult_mod);extras.mult = true  end' on target 'functions/state_events.lua' for pattern patch from Talisman\lovely.toml resulted in no matches
WARN - [♥] Pattern 'if effect.Xmult_mod then mult = mod_mult(mult*effect.Xmult_mod);extras.mult = true  end' on target 'functions/state_events.lua' for pattern patch from Talisman\lovely.toml resulted in no matches
WARN - [♥] Pattern 'if effects[ii].message then' on target 'functions/state_events.lua' for pattern patch from Talisman\lovely.toml resulted in no matches
WARN - [♥] Pattern '--calculate the card edition effects' on target 'functions/state_events.lua' for pattern patch from Talisman\lovely.toml resulted in no matches
WARN - [♥] Pattern 'if effects[ii].edition.p_dollars_mod then' on target 'functions/state_events.lua' for pattern patch from Talisman\lovely.toml resulted in no matches
WARN - [♥] Pattern 'if edition_effects.jokers.x_mult_mod then' on target 'functions/state_events.lua' for pattern patch from Talisman\lovely.toml resulted in no matches
WARN - [♥] Pattern 'card_eval_status_text(scoring_hand[i], \'extra\', nil, percent, nil, effects[ii].extra)' on target 'functions/state_events.lua' for pattern patch from Cosmos-0.0.2\lovely\no_status.toml resulted in no matches
WARN - [♥] Pattern 'card_eval_status_text(scoring_hand[i], \'extra\', nil, percent, nil, effects[ii].extra)' on target 'functions/state_events.lua' for pattern patch from Cosmos-0.0.2\lovely\no_status.toml resulted in no matches
WARN - [♥] Pattern 'if SMODS.has_enhancement(scoring_hand[i], \'m_glass\') and not scoring_hand[i].debuff and pseudorandom(\'glass\') < G.GAME.probabilities.normal/(scoring_hand[i].ability.name == \'Glass Card\' and scoring_hand[i].ability.extra or G.P_CENTERS.m_glass.config.extra) then' on target 'functions/state_events.lua' for pattern patch from Cryptid-1e8d5d61911efe1f7af75f73656c2db3bd786c76\lovely\Probability.toml resulted in no matches
WARN - [♥] Pattern 'ease_to = G.GAME.chips + math.floor(hand_chips*mult),' on target 'functions/state_events.lua' for pattern patch from Bunco-main\lovely.toml resulted in no matches
WARN - [♥] Pattern 'for i=1, #G.jokers.cards + #G.consumeables.cards do' on target 'functions/state_events.lua' for pattern patch from Bunco-main\lovely.toml resulted in no matches
WARN - [♥] Regex '(?<indent>[\\t ]*)if destroyed then \\n' on target 'functions/state_events.lua' for regex patch from Cryptid-1e8d5d61911efe1f7af75f73656c2db3bd786c76\lovely\seal.toml resulted in no matches
INFO - [♥] Applied 102 patches to 'functions/state_events.lua'
WARN - [♥] Pattern '{n=G.UIT.T, config={text = localize(\'$\')..config.dollars, scale = 1.2*scale, colour = G.C.WHITE, shadow = true, juice = true}}' on target 'functions/common_events.lua' for pattern patch from Cryptid-1e8d5d61911efe1f7af75f73656c2db3bd786c76\lovely\code.toml resulted in no matches
WARN - [♥] Pattern 'function generate_card_ui(_c, full_UI_table, specific_vars, card_type, badges, hide_desc, main_start, main_end)' on target 'functions/common_events.lua' for pattern patch from Cryptid-1e8d5d61911efe1f7af75f73656c2db3bd786c76\lovely\lib_misc.toml resulted in no matches
WARN - [♥] Pattern 'elseif v.boss.showdown and (G.GAME.round_resets.ante)%G.GAME.win_ante == 0 and G.GAME.round_resets.ante >= 2 then' on target 'functions/common_events.lua' for pattern patch from Cryptid-1e8d5d61911efe1f7af75f73656c2db3bd786c76\lovely\stake.toml resulted in no matches
WARN - [♥] Pattern 'func = (function() if eval_func(card) then if not first or first then card:juice_up(0.1, 0.1) end;juice_card_until(card, eval_func, nil, 0.8) end return true end)' on target 'functions/common_events.lua' for pattern patch from Talisman\lovely.toml resulted in no matches
WARN - [♥] Pattern 'elseif _c.effect == \'Lucky Card\' then loc_vars = {G.GAME.probabilities.normal, cfg.mult, 5, cfg.p_dollars, 15}' on target 'functions/common_events.lua' for pattern patch from Cryptid-1e8d5d61911efe1f7af75f73656c2db3bd786c76\lovely\Probability.toml resulted in no matches
WARN - [♥] Pattern 'info_queue[#info_queue + 1] = G.P_CENTERS[\'e_\'..v]' on target 'functions/common_events.lua' for pattern patch from Bunco-main\lovely.toml resulted in no matches
INFO - [♥] Applied 173 patches to 'functions/common_events.lua'
WARN - [♥] Pattern 'if #G.hand.highlighted <= 0 or G.GAME.blind.block_play or #G.hand.highlighted > 5 then' on target 'functions/button_callbacks.lua' for pattern patch from Bunco-main\lovely.toml resulted in no matches
WARN - [♥] Pattern 'add_tag(_tag.config.ref_table)' on target 'functions/button_callbacks.lua' for pattern patch from Bunco-main\lovely.toml resulted in no matches
INFO - [♥] Applied 79 patches to 'functions/button_callbacks.lua'
WARN - [♥] Pattern 'if self.ability.name == \'Campfire\' and G.GAME.blind.boss and not (G.GAME.blind.config and G.GAME.blind.config.bonus) and self.ability.x_mult > 1 then' on target 'card.lua' for pattern patch from Cryptid-1e8d5d61911efe1f7af75f73656c2db3bd786c76\lovely\misc.toml resulted in no matches
WARN - [♥] Pattern 'if self.ability.name:find(\'Arcana\') then' on target 'card.lua' for pattern patch from Cryptid-1e8d5d61911efe1f7af75f73656c2db3bd786c76\lovely\misprint.toml resulted in no matches
WARN - [♥] Pattern 'if self.ability.name == \'The Hermit\' or self.ability.consumeable.hand_type or self.ability.name == \'Temperance\' or self.ability.name == \'Black Hole\' then' on target 'card.lua' for pattern patch from Cryptid-1e8d5d61911efe1f7af75f73656c2db3bd786c76\lovely\stake.toml resulted in no matches
WARN - [♥] Pattern 'if self.ability.queue_negative_removal then' on target 'card.lua' for pattern patch from Cryptid-1e8d5d61911efe1f7af75f73656c2db3bd786c76\lovely\sticker.toml resulted in no matches
WARN - [♥] Pattern 'if G.GAME.blind then G.E_MANAGER:add_event(Event({ func = function() G.GAME.blind:set_blind(nil, true, nil); return true end })) end' on target 'card.lua' for pattern patch from Talisman\lovely.toml resulted in no matches
WARN - [♥] Pattern 'if not initial then G.GAME.blind:debuff_card(self) end' on target 'card.lua' for pattern patch from kcvanilla-2.2.2\lovely.toml resulted in no matches
WARN - [♥] Pattern 'if pseudorandom(\'lucky_money\') < G.GAME.probabilities.normal/15 then' on target 'card.lua' for pattern patch from Cryptid-1e8d5d61911efe1f7af75f73656c2db3bd786c76\lovely\Probability.toml resulted in no matches
WARN - [♥] Pattern 'if pseudorandom(\'lucky_mult\') < G.GAME.probabilities.normal/5 then' on target 'card.lua' for pattern patch from Cryptid-1e8d5d61911efe1f7af75f73656c2db3bd786c76\lovely\Probability.toml resulted in no matches
WARN - [♥] Pattern 'elseif self.ability.name == \'Business Card\' then loc_vars = {\'\'..(G.GAME and G.GAME.probabilities.normal or 1), self.ability.extra}' on target 'card.lua' for pattern patch from Cryptid-1e8d5d61911efe1f7af75f73656c2db3bd786c76\lovely\Probability.toml resulted in no matches
WARN - [♥] Pattern 'pseudorandom(\'business\') < G.GAME.probabilities.normal/self.ability.extra then' on target 'card.lua' for pattern patch from Cryptid-1e8d5d61911efe1f7af75f73656c2db3bd786c76\lovely\Probability.toml resulted in no matches
WARN - [♥] Pattern 'if (self.edition and self.edition.negative) or (self.ability.name == \'Antimatter\' and (self.config.center.discovered or self.bypass_discovery_center)) then' on target 'card.lua' for pattern patch from Bunco-main\lovely.toml resulted in no matches
INFO - [♥] Applied 297 patches to 'card.lua'
WARN - [♥] Pattern 'table.sort(self.cards, function (a, b) return a.T.x + a.T.w/2 - 100*(a.pinned and a.sort_id or 0) < b.T.x + b.T.w/2 - 100*(b.pinned and b.sort_id or 0) end)' on target 'cardarea.lua' for pattern patch from Cryptid-1e8d5d61911efe1f7af75f73656c2db3bd786c76\lovely\conveyor.toml resulted in no matches
WARN - [♥] Pattern 'update_hand_text({immediate = true, nopulse = nil, delay = 0}, {handname=disp_text, level=G.GAME.hands[text].level, mult = G.GAME.hands[text].mult, chips = G.GAME.hands[text].chips})' on target 'cardarea.lua' for pattern patch from Bunco-main\lovely.toml resulted in no matches
INFO - [♥] Applied 22 patches to 'cardarea.lua'
INFO - [♥] Applied 34 patches to 'blind.lua'
INFO - [♥] Applied 2 patches to 'card_character.lua'
INFO - [♥] Applied 5 patches to 'engine/text.lua'
INFO - [♥] Applied 1 patch to '=[SMODS _ "src/overrides.lua"]'
INFO - [G] Failed to connect to the debug server
INFO - [G] 2025-02-09 22:06:32 :: DEBUG :: DebugConsole :: Steamodded Debug Socket started !
INFO - [♥] Applied 9 patches to 'engine/sound_manager.lua'
INFO - [♥] Applied 2 patches to 'engine/string_packer.lua'
INFO - [G] 2025-02-09 22:06:34 :: TRACE :: Loader :: Processing Mod file (Legacy header): Bunco.lua
INFO - [G] 2025-02-09 22:06:34 :: TRACE :: Loader :: Saving Mod Info: Bunco
INFO - [G] 2025-02-09 22:06:34 :: INFO  :: DefaultLogger :: Valid JSON file found
INFO - [G] 2025-02-09 22:06:34 :: TRACE :: Loader :: Processing Mod file (Legacy header): Cryptid.lua
INFO - [G] 2025-02-09 22:06:34 :: TRACE :: Loader :: Saving Mod Info: Cryptid
INFO - [G] 2025-02-09 22:06:34 :: INFO  :: DefaultLogger :: Valid JSON file found
INFO - [G] 2025-02-09 22:06:34 :: TRACE :: Loader :: Processing Mod file (Legacy header): steamodded_metadata.lua
INFO - [G] 2025-02-09 22:06:34 :: TRACE :: Loader :: Saving Mod Info: Talisman
INFO - [G] 2025-02-09 22:06:34 :: INFO  :: DefaultLogger :: Valid JSON file found
INFO - [G] 2025-02-09 22:06:34 :: ERROR :: Loader :: Found invalid metadata JSON file at C:\Users\saydy\AppData\Roaming\Balatro\Mods/paperback-0.5.0a/.vscode/settings.json, ignoring: [SMODS _ "src/loader.lua"]:226: id
INFO - [G] 2025-02-09 22:06:34 :: INFO  :: DefaultLogger :: Valid JSON file found
INFO - [G] 2025-02-09 22:06:34 :: WARN  :: Challenge :: Detected duplicate register call on object c_mad_world_1
INFO - [G] 2025-02-09 22:06:34 :: DEBUG :: Paperback :: Loaded joker: calling_card
INFO - [G] 2025-02-09 22:06:34 :: DEBUG :: Paperback :: Loaded joker: quick_fix
INFO - [G] 2025-02-09 22:06:34 :: DEBUG :: Paperback :: Loaded joker: sacrificial_lamb
INFO - [G] 2025-02-09 22:06:34 :: DEBUG :: Paperback :: Loaded joker: wish_you_were_here
INFO - [G] 2025-02-09 22:06:34 :: DEBUG :: Paperback :: Loaded joker: stamp
INFO - [G] 2025-02-09 22:06:34 :: DEBUG :: Paperback :: Loaded joker: solar_system
INFO - [G] 2025-02-09 22:06:34 :: DEBUG :: Paperback :: Loaded joker: furioso
INFO - [G] 2025-02-09 22:06:34 :: DEBUG :: Paperback :: Loaded joker: pride_flag
INFO - [G] 2025-02-09 22:06:34 :: DEBUG :: Paperback :: Loaded joker: pool_table
INFO - [G] 2025-02-09 22:06:34 :: DEBUG :: Paperback :: Loaded joker: summoning_circle
INFO - [G] 2025-02-09 22:06:34 :: DEBUG :: Paperback :: Loaded joker: hole_in_one
INFO - [G] 2025-02-09 22:06:34 :: DEBUG :: Paperback :: Loaded joker: derecho
INFO - [G] 2025-02-09 22:06:34 :: DEBUG :: Paperback :: Loaded joker: forgery
INFO - [G] 2025-02-09 22:06:34 :: DEBUG :: Paperback :: Loaded joker: skydiver
INFO - [G] 2025-02-09 22:06:34 :: DEBUG :: Paperback :: Loaded joker: solemn_lament
INFO - [G] 2025-02-09 22:06:34 :: DEBUG :: Paperback :: Loaded joker: ghost_cola
INFO - [G] 2025-02-09 22:06:34 :: DEBUG :: Paperback :: Loaded joker: mismatched_sock
INFO - [G] 2025-02-09 22:06:34 :: DEBUG :: Paperback :: Loaded joker: shopping_center
INFO - [G] 2025-02-09 22:06:34 :: DEBUG :: Paperback :: Loaded joker: union_card
INFO - [G] 2025-02-09 22:06:34 :: DEBUG :: Paperback :: Loaded joker: nachos
INFO - [G] 2025-02-09 22:06:34 :: DEBUG :: Paperback :: Loaded joker: jester_of_nihil
INFO - [G] 2025-02-09 22:06:34 :: DEBUG :: Paperback :: Loaded joker: complete_breakfast
INFO - [G] 2025-02-09 22:06:34 :: DEBUG :: Paperback :: Loaded joker: reference_card
INFO - [G] 2025-02-09 22:06:34 :: DEBUG :: Paperback :: Loaded joker: crispy_taco
INFO - [G] 2025-02-09 22:06:34 :: DEBUG :: Paperback :: Loaded joker: soft_taco
INFO - [G] 2025-02-09 22:06:34 :: DEBUG :: Paperback :: Loaded joker: prince_of_darkness
INFO - [G] 2025-02-09 22:06:34 :: DEBUG :: Paperback :: Loaded joker: black_rainbows
INFO - [G] 2025-02-09 22:06:34 :: DEBUG :: Paperback :: Loaded joker: emergency_broadcast
INFO - [G] 2025-02-09 22:06:34 :: DEBUG :: Paperback :: Loaded joker: triple_moon_goddess
INFO - [G] 2025-02-09 22:06:34 :: DEBUG :: Paperback :: Loaded joker: wild_prize
INFO - [G] 2025-02-09 22:06:34 :: DEBUG :: Paperback :: Loaded joker: bicycle
INFO - [G] 2025-02-09 22:06:34 :: DEBUG :: Paperback :: Loaded joker: grand_strategy
INFO - [G] 2025-02-09 22:06:34 :: DEBUG :: Paperback :: Loaded joker: great_wave
INFO - [G] 2025-02-09 22:06:34 :: DEBUG :: Paperback :: Loaded joker: let_it_happen
INFO - [G] 2025-02-09 22:06:34 :: DEBUG :: Paperback :: Loaded joker: dreamsicle
INFO - [G] 2025-02-09 22:06:34 :: DEBUG :: Paperback :: Loaded joker: popsicle_stick
INFO - [G] 2025-02-09 22:06:34 :: DEBUG :: Paperback :: Loaded joker: cakepop
INFO - [G] 2025-02-09 22:06:34 :: DEBUG :: Paperback :: Loaded joker: pop_stick
INFO - [G] 2025-02-09 22:06:34 :: DEBUG :: Paperback :: Loaded joker: caramel_apple
INFO - [G] 2025-02-09 22:06:34 :: DEBUG :: Paperback :: Loaded joker: pointy_stick
INFO - [G] 2025-02-09 22:06:34 :: DEBUG :: Paperback :: Loaded joker: charred_marshmallow
INFO - [G] 2025-02-09 22:06:34 :: DEBUG :: Paperback :: Loaded joker: sticky_stick
INFO - [G] 2025-02-09 22:06:34 :: DEBUG :: Paperback :: Loaded joker: paranoia
INFO - [G] 2025-02-09 22:06:34 :: DEBUG :: Paperback :: Loaded joker: subterfuge
INFO - [G] 2025-02-09 22:06:34 :: DEBUG :: Paperback :: Loaded joker: unholy_alliance
INFO - [G] 2025-02-09 22:06:34 :: DEBUG :: Paperback :: Loaded joker: cherry_blossoms
INFO - [G] 2025-02-09 22:06:34 :: DEBUG :: Paperback :: Loaded joker: blue_bonnets
INFO - [G] 2025-02-09 22:06:34 :: DEBUG :: Paperback :: Loaded joker: autumn_leaves
INFO - [G] 2025-02-09 22:06:34 :: DEBUG :: Paperback :: Loaded joker: evergreens
INFO - [G] 2025-02-09 22:06:34 :: DEBUG :: Paperback :: Loaded joker: river
INFO - [G] 2025-02-09 22:06:34 :: DEBUG :: Paperback :: Loaded joker: moribund
INFO - [G] 2025-02-09 22:06:34 :: DEBUG :: Paperback :: Loaded joker: jimbo_adventure
INFO - [G] 2025-02-09 22:06:34 :: DEBUG :: Paperback :: Loaded joker: joker_cookie
INFO - [G] 2025-02-09 22:06:34 :: DEBUG :: Paperback :: Loaded joker: the_world
INFO - [G] 2025-02-09 22:06:34 :: DEBUG :: Paperback :: Loaded joker: meeple
INFO - [G] 2025-02-09 22:06:34 :: DEBUG :: Paperback :: Loaded joker: basic_energy
INFO - [G] 2025-02-09 22:06:34 :: DEBUG :: Paperback :: Loaded joker: coffee
INFO - [G] 2025-02-09 22:06:34 :: DEBUG :: Paperback :: Loaded joker: cream_liqueur
INFO - [G] 2025-02-09 22:06:34 :: DEBUG :: Paperback :: Loaded joker: big_misser
INFO - [G] 2025-02-09 22:06:34 :: DEBUG :: Paperback :: Loaded joker: jestrica
INFO - [G] 2025-02-09 22:06:34 :: DEBUG :: Paperback :: Loaded joker: epic_sauce
INFO - [G] 2025-02-09 22:06:34 :: DEBUG :: Paperback :: Loaded joker: find_jimbo
INFO - [G] 2025-02-09 22:06:34 :: DEBUG :: Paperback :: Loaded joker: champagne
INFO - [G] 2025-02-09 22:06:34 :: DEBUG :: Paperback :: Loaded joker: apple
INFO - [G] 2025-02-09 22:06:34 :: DEBUG :: Paperback :: Loaded joker: alert
INFO - [G] 2025-02-09 22:06:34 :: DEBUG :: Paperback :: Loaded joker: legacy
INFO - [G] 2025-02-09 22:06:34 :: DEBUG :: Paperback :: Loaded joker: backpack
INFO - [G] 2025-02-09 22:06:34 :: DEBUG :: Paperback :: Loaded joker: pocket_pair
INFO - [G] [CRYPTID] Loading library file ascended.lua
INFO - [G] [CRYPTID] Loading library file calculate.lua
INFO - [G] [CRYPTID] Loading library file content.lua
INFO - [G] [CRYPTID] Loading library file cross-mod.lua
INFO - [G] [CRYPTID] Loading library file d20.lua
INFO - [G] [CRYPTID] Loading library file event.lua
INFO - [G] [CRYPTID] Loading library file gameset.lua
INFO - [G] [CRYPTID] Loading library file https.lua
INFO - [G] [CRYPTID] Loading library file misc.lua
INFO - [G] [CRYPTID] Loading library file misprintize.lua
INFO - [G] [CRYPTID] Loading library file modifiers.lua
INFO - [G] 2025-02-09 22:06:34 :: WARN  :: Sticker :: Detected duplicate register call on object perishable
INFO - [G] 2025-02-09 22:06:34 :: WARN  :: Sticker :: Detected duplicate register call on object pinned
INFO - [G] 2025-02-09 22:06:34 :: WARN  :: Sticker :: Detected duplicate register call on object eternal
INFO - [G] 2025-02-09 22:06:34 :: WARN  :: Sticker :: Detected duplicate register call on object rental
INFO - [G] [CRYPTID] Loading library file notifications.lua
INFO - [G] [CRYPTID] Loading library file overrides.lua
INFO - [G] [CRYPTID] Loading library file patch_common_events.lua
INFO - [G] [CRYPTID] Loading file achievement.lua
INFO - [G] [CRYPTID] Loading file blind.lua
INFO - [G] [CRYPTID] Loading file challenge.lua
INFO - [G] [CRYPTID] Loading file code.lua
INFO - [G] [CRYPTID] Loading file deck.lua
INFO - [G] [CRYPTID] Loading file enhanced.lua
INFO - [G] [CRYPTID] Loading file epic.lua
INFO - [G] [CRYPTID] Loading file exotic.lua
INFO - [G] [CRYPTID] Loading file joker_display.lua
INFO - [G] [CRYPTID] Loading file m.lua
INFO - [G] [CRYPTID] Loading file misc.lua
INFO - [G] [CRYPTID] Loading file misc_joker.lua
INFO - [G] [CRYPTID] Loading file planet.lua
INFO - [G] [CRYPTID] Loading file sleeve.lua
INFO - [G] [CRYPTID] Loading file spectral.lua
INFO - [G] [CRYPTID] Loading file spooky.lua
INFO - [G] [CRYPTID] Loading file stake.lua
INFO - [G] [CRYPTID] Loading file tag.lua
INFO - [G] [CRYPTID] Loading file test.lua
INFO - [G] [CRYPTID] Loading file voucher.lua
INFO - [G] 2025-02-09 22:06:34 :: WARN  :: Atlas :: Object cry_effarcire has the same key as an existing object, not registering.
INFO - [G] 2025-02-09 22:06:34 :: WARN  :: Atlas :: If you want to modify an existing object, use take_ownership()
INFO - [G] 2025-02-09 22:06:34 :: WARN  :: ObjectType :: Object Tier3 has the same key as an existing object, not registering.
INFO - [G] 2025-02-09 22:06:34 :: WARN  :: ObjectType :: If you want to modify an existing object, use take_ownership()
INFO - [G] 2025-02-09 22:06:34 :: INFO  :: TIMER :: [0000] Injected Language in 0.001 ms
INFO - [G] 2025-02-09 22:06:34 :: INFO  :: TIMER :: [0000] Injected [INTERNAL] in 1.050 ms
INFO - [G] 2025-02-09 22:06:35 :: INFO  :: TIMER :: [0078] Injected Atlas in 1245.354 ms
INFO - [G] 2025-02-09 22:06:35 :: INFO  :: TIMER :: [0040] Injected Sound in 31.843 ms
INFO - [G] 2025-02-09 22:06:35 :: INFO  :: TIMER :: [0036] Injected Stake in 1.139 ms
INFO - [G] 2025-02-09 22:06:36 :: INFO  :: TIMER :: [0008] Injected Rarity in 0.132 ms
INFO - [G] 2025-02-09 22:06:36 :: INFO  :: TIMER :: [0012] Injected ObjectType in 0.204 ms
INFO - [G] 2025-02-09 22:06:36 :: INFO  :: TIMER :: [0717] Injected Center in 5.674 ms
INFO - [G] 2025-02-09 22:06:36 :: INFO  :: TIMER :: [0011] Injected Undiscovered Sprite in 0.016 ms
INFO - [G] 2025-02-09 22:06:36 :: INFO  :: TIMER :: [0052] Injected Blind in 0.217 ms
INFO - [G] 2025-02-09 22:06:36 :: INFO  :: TIMER :: [0006] Injected Seal in 0.262 ms
INFO - [G] 2025-02-09 22:06:36 :: INFO  :: TIMER :: [0006] Injected Suit in 0.497 ms
INFO - [G] 2025-02-09 22:06:36 :: INFO  :: TIMER :: [0013] Injected Rank in 0.474 ms
INFO - [G] 2025-02-09 22:06:36 :: INFO  :: TIMER :: [0022] Injected DeckSkin in 0.162 ms
INFO - [G] 2025-02-09 22:06:36 :: INFO  :: TIMER :: [0021] Injected PokerHand in 0.203 ms
INFO - [G] 2025-02-09 22:06:36 :: INFO  :: TIMER :: [0031] Injected Challenge in 0.175 ms
INFO - [G] 2025-02-09 22:06:36 :: INFO  :: TIMER :: [0049] Injected Tag in 1.436 ms
INFO - [G] 2025-02-09 22:06:36 :: INFO  :: TIMER :: [0013] Injected Sticker in 0.326 ms
INFO - [G] 2025-02-09 22:06:36 :: INFO  :: TIMER :: [0016] Injected Shader in 283.992 ms
INFO - [G] 2025-02-09 22:06:36 :: INFO  :: TIMER :: [0001] Injected Keybind in 0.015 ms
INFO - [G] 2025-02-09 22:06:36 :: INFO  :: TIMER :: [0020] Injected Achievement in 0.093 ms
INFO - [G] 2025-02-09 22:06:36 :: INFO  :: TIMER :: [0000] Injected [INTERNAL] in 31.927 ms
INFO - [G] 2025-02-09 22:06:36 :: INFO  :: TIMER :: [0011] Injected Event in 0.044 ms
INFO - [G] ERROR LOADING GAME: Card area 'shop_booster' not instantiated before load
INFO - [G] ERROR LOADING GAME: Card area 'shop_jokers' not instantiated before load
INFO - [G] ERROR LOADING GAME: Card area 'shop_vouchers' not instantiated before load
INFO - [G]  (type: number)	 (type: number)	 (type: number)
INFO - [G]  (type: number)	 (type: number)	 (type: number)
INFO - [G]  (type: number)	 (type: number)	 (type: number)
INFO - [G]  (type: number)	 (type: number)	 (type: number)
INFO - [G]  (type: number)	 (type: number)	 (type: number)
INFO - [G]  (type: number)	 (type: number)	 (type: number)
INFO - [G]  (type: number)	 (type: number)	 (type: number)
INFO - [G]  (type: number)	 (type: number)	 (type: number)
INFO - [G]  (type: number)	 (type: number)	 (type: number)
INFO - [G]  (type: number)	 (type: number)	 (type: number)
INFO - [G]  (type: number)	 (type: number)	 (type: number)
INFO - [G]  (type: number)	 (type: number)	 (type: number)
INFO - [G]  (type: number)	 (type: number)	 (type: number)
INFO - [G]  (type: number)	 (type: number)	 (type: number)
INFO - [G]  (type: number)	 (type: number)	 (type: number)
INFO - [G]  (type: number)	 (type: number)	 (type: number)
INFO - [G]  (type: number)	 (type: number)	 (type: number)
INFO - [G]  (type: number)	 (type: number)	 (type: number)
INFO - [G]  (type: number)	 (type: number)	 (type: number)
INFO - [G]  (type: number)	 (type: number)	 (type: number)
INFO - [G]  (type: number)	 (type: number)	 (type: number)
INFO - [G]  (type: number)	 (type: number)	 (type: number)
INFO - [G]  (type: number)	 (type: number)	 (type: number)
INFO - [G]  (type: number)	 (type: number)	 (type: number)
INFO - [G]  (type: number)	 (type: number)	 (type: number)
INFO - [G]  (type: number)	 (type: number)	 (type: number)
INFO - [G]  (type: number)	 (type: number)	 (type: number)
INFO - [G]  (type: number)	 (type: number)	 (type: number)
INFO - [G]  (type: number)	 (type: number)	 (type: number)
INFO - [G]  (type: number)	 (type: number)	 (type: number)
INFO - [G]  (type: number)	 (type: number)	 (type: number)
INFO - [G]  (type: number)	 (type: number)	 (type: number)
INFO - [G]  (type: number)	 (type: number)	 (type: number)
INFO - [G]  (type: number)	 (type: number)	 (type: number)
INFO - [G]  (type: number)	 (type: number)	 (type: number)
INFO - [G]  (type: number)	 (type: number)	 (type: number)
INFO - [G]  (type: number)	 (type: number)	 (type: number)
INFO - [G]  (type: number)	 (type: number)	 (type: number)
INFO - [G]  (type: number)	 (type: number)	 (type: number)
INFO - [G]  (type: number)	 (type: number)	 (type: number)
INFO - [G]  (type: number)	 (type: number)	 (type: number)
INFO - [G]  (type: number)	 (type: number)	 (type: number)
INFO - [G] LONG DT @ 191: 0.050519279752351
INFO - [G]  (type: number)	 (type: number)	 (type: number)
INFO - [G]  (type: number)	 (type: number)	 (type: number)
INFO - [G]  (type: number)	 (type: number)	 (type: number)
INFO - [G]  (type: number)	 (type: number)	 (type: number)
INFO - [G]  (type: number)	 (type: number)	 (type: number)
INFO - [G]  (type: number)	 (type: number)	 (type: number)
INFO - [G]  (type: number)	 (type: number)	 (type: number)
INFO - [G]  (type: number)	 (type: number)	 (type: number)
INFO - [G]  (type: number)	 (type: number)	 (type: number)
INFO - [G]  (type: number)	 (type: number)	 (type: number)
INFO - [G]  (type: number)	 (type: number)	 (type: number)
INFO - [G]  (type: number)	 (type: number)	 (type: number)
INFO - [G] LONG DT @ 282: 0.069950993841775
INFO - [G] LONG DT @ 282: 0.060321895073426
INFO - [G] LONG DT @ 282: 0.052687756058729
INFO - [G] LONG DT @ 297: 0.053435468896829
INFO - [G]  (type: number)	 (type: number)	 (type: number)
INFO - [G]  (type: number)	 (type: number)	 (type: number)
INFO - [G]  (type: number)	 (type: number)	 (type: number)
INFO - [G]  (type: number)	 (type: number)	 (type: number)
INFO - [G]  (type: number)	 (type: number)	 (type: number)
INFO - [G]  (type: number)	 (type: number)	 (type: number)
INFO - [G]  (type: number)	 (type: number)	 (type: number)
INFO - [G]  (type: number)	 (type: number)	 (type: number)
INFO - [G] LONG DT @ 330: 0.061321030570761
INFO - [G] LONG DT @ 330: 0.05313930445662
INFO - [G] LONG DT @ 349: 0.050850973913769
INFO - [G] LONG DT @ 369: 0.078581046000752
INFO - [G] LONG DT @ 369: 0.06709495680059
INFO - [G] LONG DT @ 369: 0.057754505440473
INFO - [G] LONG DT @ 405: 0.077186304928797
INFO - [G] LONG DT @ 405: 0.065798463943039
INFO - [G] LONG DT @ 405: 0.056749451154416
INFO - [G] LONG DT @ 439: 0.059582659679548
INFO - [G]  (type: number)	 (type: number)	 (type: number)
INFO - [G]  (type: number)	 (type: number)	 (type: number)
INFO - [G]  (type: number)	 (type: number)	 (type: number)
INFO - [G]  (type: number)	 (type: number)	 (type: number)
INFO - [G]  (type: number)	 (type: number)	 (type: number)
INFO - [G]  (type: number)	 (type: number)	 (type: number)
INFO - [G]  (type: number)	 (type: number)	 (type: number)
INFO - [G]  (type: number)	 (type: number)	 (type: number)
INFO - [G] LONG DT @ 455: 0.052839510587025
INFO - [G] LONG DT @ 474: 0.060135398831201
INFO - [G] LONG DT @ 474: 0.052193459064968
INFO - [G] LONG DT @ 504: 0.050742744440874
INFO - [G] LONG DT @ 515: 0.054472613009842
INFO - [G] LONG DT @ 533: 0.078877459663533
INFO - [G] LONG DT @ 533: 0.067144307730828
INFO - [G] LONG DT @ 533: 0.057695686184649
INFO - [G] LONG DT @ 533: 0.05020822894774
INFO - [G] LONG DT @ 560: 0.059725179255896
INFO - [G]  (type: number)	 (type: number)	 (type: number)
INFO - [G]  (type: number)	 (type: number)	 (type: number)
INFO - [G]  (type: number)	 (type: number)	 (type: number)
INFO - [G]  (type: number)	 (type: number)	 (type: number)
INFO - [G]  (type: number)	 (type: number)	 (type: number)
INFO - [G]  (type: number)	 (type: number)	 (type: number)
INFO - [G]  (type: number)	 (type: number)	 (type: number)
INFO - [G]  (type: number)	 (type: number)	 (type: number)
INFO - [G] LONG DT @ 579: 0.064483331694781
INFO - [G] LONG DT @ 579: 0.055604245355829
INFO - [G] LONG DT @ 600: 0.065975450536071
INFO - [G] LONG DT @ 600: 0.05682782042885
INFO - [G] LONG DT @ 613: 0.05947739663965
INFO - [G] LONG DT @ 613: 0.051647037311716
INFO - [G] LONG DT @ 622: 0.051222384174606
INFO - [G] LONG DT @ 642: 0.054115106068735
INFO - [G] LONG DT @ 652: 0.051162294035029
INFO - [G] LONG DT @ 671: 0.069483635781684
INFO - [G] LONG DT @ 671: 0.061418568625314
INFO - [G] LONG DT @ 671: 0.053441274900263
INFO - [G] LONG DT @ 692: 0.057198198559954
INFO - [G] LONG DT @ 707: 0.082012826348115
INFO - [G] LONG DT @ 707: 0.069571641078502
INFO - [G] LONG DT @ 707: 0.059651032862773
INFO - [G] LONG DT @ 707: 0.051715726290216
INFO - [G] LONG DT @ 719: 0.060535041675571
INFO - [G] LONG DT @ 719: 0.052526273340442
INFO - [G] LONG DT @ 734: 0.052051967469742
INFO - [G] LONG DT @ 745: 0.050913134804909
INFO - [G] LONG DT @ 766: 0.07034093900874
INFO - [G] LONG DT @ 766: 0.060358211206979
INFO - [G] LONG DT @ 766: 0.052326728965606
INFO - [G] LONG DT @ 801: 0.068000128044937
INFO - [G] LONG DT @ 801: 0.058440522435951
INFO - [G] LONG DT @ 801: 0.050734597948763
INFO - [G]  (type: number)	 (type: number)	 (type: number)
INFO - [G]  (type: number)	 (type: number)	 (type: number)
INFO - [G]  (type: number)	 (type: number)	 (type: number)
INFO - [G]  (type: number)	 (type: number)	 (type: number)
INFO - [G]  (type: number)	 (type: number)	 (type: number)
INFO - [G]  (type: number)	 (type: number)	 (type: number)
INFO - [G]  (type: number)	 (type: number)	 (type: number)
INFO - [G]  (type: number)	 (type: number)	 (type: number)
INFO - [G]  (type: number)	 (type: number)	 (type: number)
INFO - [G]  (type: number)	 (type: number)	 (type: number)
INFO - [G]  (type: number)	 (type: number)	 (type: number)
INFO - [G]  (type: number)	 (type: number)	 (type: number)
INFO - [G]  (type: number)	 (type: number)	 (type: number)
INFO - [G]  (type: number)	 (type: number)	 (type: number)
INFO - [G]  (type: number)	 (type: number)	 (type: number)
INFO - [G]  (type: number)	 (type: number)	 (type: number)
INFO - [G]  (type: number)	 (type: number)	 (type: number)
INFO - [G]  (type: number)	 (type: number)	 (type: number)
INFO - [G]  (type: number)	 (type: number)	 (type: number)
INFO - [G]  (type: number)	 (type: number)	 (type: number)
INFO - [G] 2025-02-09 22:35:15 :: DEBUG :: DefaultLogger :: [BUNCO] - Triggered Exotic System enabling.
INFO - [G]  (type: number)	 (type: number)	 (type: number)
INFO - [G]  (type: number)	 (type: number)	 (type: number)
INFO - [G]  (type: number)	 (type: number)	 (type: number)
INFO - [G]  (type: number)	 (type: number)	 (type: number)
INFO - [G]  (type: number)	 (type: number)	 (type: number)
INFO - [G]  (type: number)	 (type: number)	 (type: number)
INFO - [G]  (type: number)	 (type: number)	 (type: number)
INFO - [G]  (type: number)	 (type: number)	 (type: number)
INFO - [G] LONG DT @ 1363: 0.050308147075241
INFO - [G]  (type: number)	 (type: number)	 (type: number)
INFO - [G]  (type: number)	 (type: number)	 (type: number)
INFO - [G]  (type: number)	 (type: number)	 (type: number)
INFO - [G]  (type: number)	 (type: number)	 (type: number)
INFO - [G]  (type: number)	 (type: number)	 (type: number)
INFO - [G]  (type: number)	 (type: number)	 (type: number)
INFO - [G]  (type: number)	 (type: number)	 (type: number)
INFO - [G]  (type: number)	 (type: number)	 (type: number)
INFO - [G] 2025-02-09 22:37:58 :: DEBUG :: DefaultLogger :: [BUNCO] - Triggered Exotic System enabling.
INFO - [G] LONG DT @ 1472: 0.080570491164175
INFO - [G] LONG DT @ 1472: 0.068488752931314
INFO - [G] LONG DT @ 1472: 0.05880222234508
INFO - [G] LONG DT @ 1472: 0.051164597876039
INFO - [G] LONG DT @ 1487: 0.059503705967807
INFO - [G] LONG DT @ 1487: 0.051526644774271
INFO - [G] 2025-02-09 22:39:09 :: DEBUG :: DefaultLogger :: [BUNCO] - Triggered Exotic System enabling.
INFO - [G]  (type: number)	 (type: number)	 (type: number)
INFO - [G]  (type: number)	 (type: number)	 (type: number)
INFO - [G]  (type: number)	 (type: number)	 (type: number)
INFO - [G]  (type: number)	 (type: number)	 (type: number)
INFO - [G]  (type: number)	 (type: number)	 (type: number)
INFO - [G]  (type: number)	 (type: number)	 (type: number)
INFO - [G]  (type: number)	 (type: number)	 (type: number)
INFO - [G]  (type: number)	 (type: number)	 (type: number)
INFO - [G] LONG DT @ 1570: 0.061899574713981
INFO - [G] LONG DT @ 1570: 0.053559719771219
INFO - [G] LONG DT @ 1604: 0.082805525280871
INFO - [G] LONG DT @ 1604: 0.070231860224734
INFO - [G] LONG DT @ 1604: 0.060212308179777
INFO - [G] LONG DT @ 1604: 0.05217490654383
INFO - [G] LONG DT @ 1633: 0.1
INFO - [G] LONG DT @ 1633: 0.08396180000007
INFO - [G] LONG DT @ 1633: 0.071197700000052
INFO - [G] LONG DT @ 1633: 0.061026439999997
INFO - [G] LONG DT @ 1633: 0.052879112000043
INFO - [G]  (type: number)	 (type: number)	 (type: number)
INFO - [G]  (type: number)	 (type: number)	 (type: number)
INFO - [G]  (type: number)	 (type: number)	 (type: number)
INFO - [G]  (type: number)	 (type: number)	 (type: number)
INFO - [G]  (type: number)	 (type: number)	 (type: number)
INFO - [G]  (type: number)	 (type: number)	 (type: number)
INFO - [G] LONG DT @ 1673: 0.083854393071007
INFO - [G] LONG DT @ 1673: 0.071066254456798
INFO - [G] LONG DT @ 1673: 0.060875683565418
INFO - [G] LONG DT @ 1673: 0.052693506852385
INFO - [G] LONG DT @ 1691: 0.06797209500488
INFO - [G] LONG DT @ 1691: 0.058454436003857
INFO - [G] LONG DT @ 1691: 0.050770128803072
INFO - [G] LONG DT @ 1711: 0.055141140998026
INFO - [G]  (type: number)	 (type: number)	 (type: number)
INFO - [G]  (type: number)	 (type: number)	 (type: number)
INFO - [G]  (type: number)	 (type: number)	 (type: number)
INFO - [G]  (type: number)	 (type: number)	 (type: number)
INFO - [G]  (type: number)	 (type: number)	 (type: number)
INFO - [G]  (type: number)	 (type: number)	 (type: number)
INFO - [G]  (type: number)	 (type: number)	 (type: number)
INFO - [G]  (type: number)	 (type: number)	 (type: number)
INFO - [G] LONG DT @ 1715: 0.067728500997023
INFO - [G] LONG DT @ 1715: 0.058164720797642
INFO - [G] LONG DT @ 1715: 0.050699056638115
INFO - [G] LONG DT @ 1741: 0.067931218634469
INFO - [G] LONG DT @ 1741: 0.058518674907531
INFO - [G] LONG DT @ 1741: 0.050776199926075
INFO - [G] LONG DT @ 1761: 0.088342761289706
INFO - [G] LONG DT @ 1761: 0.074720529031763
INFO - [G] LONG DT @ 1761: 0.063812743225387
INFO - [G] LONG DT @ 1761: 0.055034334580321
INFO - [G] LONG DT @ 1788: 0.081465149740875
INFO - [G] LONG DT @ 1788: 0.069173899792699
INFO - [G] LONG DT @ 1788: 0.059471059834184
INFO - [G] LONG DT @ 1788: 0.051509267867348
INFO - [G] LONG DT @ 1795: 0.054567338679386
INFO - [G] LONG DT @ 1813: 0.07726784420451
INFO - [G] LONG DT @ 1813: 0.06587873536358
INFO - [G] LONG DT @ 1813: 0.056917548290901
INFO - [G] LONG DT @ 1834: 0.095977935731662
INFO - [G] LONG DT @ 1834: 0.080828848585333
INFO - [G] LONG DT @ 1834: 0.068687978868325
INFO - [G] LONG DT @ 1834: 0.058988763094589
INFO - [G] LONG DT @ 1834: 0.051391210475685
INFO - [G]  (type: number)	 (type: number)	 (type: number)
INFO - [G]  (type: number)	 (type: number)	 (type: number)
INFO - [G]  (type: number)	 (type: number)	 (type: number)
INFO - [G]  (type: number)	 (type: number)	 (type: number)
INFO - [G]  (type: number)	 (type: number)	 (type: number)
INFO - [G]  (type: number)	 (type: number)	 (type: number)
INFO - [G]  (type: number)	 (type: number)	 (type: number)
INFO - [G]  (type: number)	 (type: number)	 (type: number)
INFO - [G] LONG DT @ 1862: 0.066275248368225
INFO - [G] LONG DT @ 1862: 0.057111358694588
INFO - [G] LONG DT @ 1882: 0.096836456258695
INFO - [G] LONG DT @ 1882: 0.081666845006881
INFO - [G] LONG DT @ 1883: 0.069390136005565
INFO - [G] LONG DT @ 1883: 0.059672968804408
INFO - [G] LONG DT @ 1883: 0.05174027504353
INFO - [G] LONG DT @ 1901: 0.076241038946437
INFO - [G] LONG DT @ 1901: 0.065033171157178
INFO - [G] LONG DT @ 1902: 0.05633341692571
INFO - [G] 2025-02-09 22:45:35 :: DEBUG :: DefaultLogger :: [BUNCO] - Triggered Exotic System enabling.
INFO - [G]  (type: number)	 (type: number)	 (type: number)
INFO - [G]  (type: number)	 (type: number)	 (type: number)
INFO - [G]  (type: number)	 (type: number)	 (type: number)
INFO - [G]  (type: number)	 (type: number)	 (type: number)
INFO - [G]  (type: number)	 (type: number)	 (type: number)
INFO - [G]  (type: number)	 (type: number)	 (type: number)
INFO - [G]  (type: number)	 (type: number)	 (type: number)
INFO - [G]  (type: number)	 (type: number)	 (type: number)
INFO - [G] LONG DT @ 1930: 0.078716303528246
INFO - [G] LONG DT @ 1930: 0.066932382822579
INFO - [G] LONG DT @ 1930: 0.057628866258114
INFO - [G] LONG DT @ 1930: 0.05016689300644
INFO - [G] LONG DT @ 1951: 0.083928969903327
INFO - [G] LONG DT @ 1951: 0.07104581592264
INFO - [G] LONG DT @ 1951: 0.061020072738139
INFO - [G] LONG DT @ 1951: 0.052837238190529
INFO - [G] LONG DT @ 1958: 0.053634154232684
INFO - [G] LONG DT @ 1966: 0.054015911355511
INFO - [G] LONG DT @ 1974: 0.052393338850806
INFO - [G] LONG DT @ 1992: 0.084306548923844
INFO - [G] LONG DT @ 1992: 0.071240499139045
INFO - [G] LONG DT @ 1992: 0.061038079311272
INFO - [G] LONG DT @ 1992: 0.052844503448965
INFO - [G] LONG DT @ 2013: 0.096257401366406
INFO - [G] LONG DT @ 2013: 0.081067821093158
INFO - [G] LONG DT @ 2013: 0.068871636874531
INFO - [G] LONG DT @ 2013: 0.05920670949955
INFO - [G] LONG DT @ 2013: 0.051439627599655
INFO - [G]  (type: number)	 (type: number)	 (type: number)
INFO - [G]  (type: number)	 (type: number)	 (type: number)
INFO - [G]  (type: number)	 (type: number)	 (type: number)
INFO - [G]  (type: number)	 (type: number)	 (type: number)
INFO - [G]  (type: number)	 (type: number)	 (type: number)
INFO - [G]  (type: number)	 (type: number)	 (type: number)
INFO - [G]  (type: number)	 (type: number)	 (type: number)
INFO - [G]  (type: number)	 (type: number)	 (type: number)
INFO - [G] LONG DT @ 2021: 0.057566077746663
INFO - [G] LONG DT @ 2021: 0.052139162197301
INFO - [G] LONG DT @ 2041: 0.072533143757612
INFO - [G] LONG DT @ 2041: 0.062143535006102
INFO - [G] LONG DT @ 2041: 0.05377462800484
INFO - [G] LONG DT @ 2049: 0.052750694528664
INFO - [G] LONG DT @ 2057: 0.051999944477858
INFO - [G] LONG DT @ 2073: 0.082615796143787
INFO - [G] LONG DT @ 2073: 0.070078036914994
INFO - [G] LONG DT @ 2073: 0.060342709531962
INFO - [G] LONG DT @ 2073: 0.052387247625594
INFO - [G] LONG DT @ 2094: 0.092870657696627
INFO - [G] LONG DT @ 2094: 0.078642226157277
INFO - [G] LONG DT @ 2095: 0.066875980925846
INFO - [G] LONG DT @ 2095: 0.057545504740678
INFO - [G] LONG DT @ 2095: 0.050062823792534
INFO - [G]  (type: number)	 (type: number)	 (type: number)
INFO - [G]  (type: number)	 (type: number)	 (type: number)
INFO - [G]  (type: number)	 (type: number)	 (type: number)
INFO - [G]  (type: number)	 (type: number)	 (type: number)
INFO - [G]  (type: number)	 (type: number)	 (type: number)
INFO - [G]  (type: number)	 (type: number)	 (type: number)
INFO - [G]  (type: number)	 (type: number)	 (type: number)
INFO - [G]  (type: number)	 (type: number)	 (type: number)
INFO - [G] 2025-02-09 22:48:56 :: DEBUG :: DefaultLogger :: [BUNCO] - Triggered Exotic System enabling.
INFO - [G] 2025-02-09 22:49:02 :: DEBUG :: DefaultLogger :: [BUNCO] - Triggered Exotic System enabling.
INFO - [G] LONG DT @ 2116: 0.089102260294766
INFO - [G] LONG DT @ 2116: 0.075269768235808
INFO - [G] LONG DT @ 2116: 0.06435317458865
INFO - [G] LONG DT @ 2116: 0.055536399670942
INFO - [G] LONG DT @ 2124: 0.05316713700313
INFO - [G] LONG DT @ 2140: 0.08423293270477
INFO - [G] LONG DT @ 2140: 0.071457806163794
INFO - [G] LONG DT @ 2140: 0.061185804931087
INFO - [G] LONG DT @ 2140: 0.053047523944816
INFO - [G] LONG DT @ 2150: 0.086083222071169
INFO - [G] LONG DT @ 2150: 0.078090997656945
INFO - [G] LONG DT @ 2150: 0.070036838125499
INFO - [G] LONG DT @ 2150: 0.061342130500471
INFO - [G] LONG DT @ 2151: 0.053577844400349
INFO - [G] LONG DT @ 2172: 0.098250688413723
INFO - [G] LONG DT @ 2172: 0.082470670730989
INFO - [G] LONG DT @ 2172: 0.070022516584837
INFO - [G] LONG DT @ 2172: 0.060084493267853
INFO - [G] LONG DT @ 2172: 0.052141174614304
INFO - [G]  (type: number)	 (type: number)	 (type: number)
INFO - [G]  (type: number)	 (type: number)	 (type: number)
INFO - [G]  (type: number)	 (type: number)	 (type: number)
INFO - [G]  (type: number)	 (type: number)	 (type: number)
INFO - [G]  (type: number)	 (type: number)	 (type: number)
INFO - [G]  (type: number)	 (type: number)	 (type: number)
INFO - [G]  (type: number)	 (type: number)	 (type: number)
INFO - [G]  (type: number)	 (type: number)	 (type: number)
INFO - [G] LONG DT @ 2193: 0.092686526122867
INFO - [G] LONG DT @ 2193: 0.078117400898286
INFO - [G] LONG DT @ 2193: 0.066580600718629
INFO - [G] LONG DT @ 2193: 0.057303540574917
INFO - [G] LONG DT @ 2214: 0.077780846518476
INFO - [G] LONG DT @ 2214: 0.066196877214824
INFO - [G] LONG DT @ 2214: 0.057173681771863
INFO - [G] LONG DT @ 2235: 0.096780727989409
INFO - [G] LONG DT @ 2235: 0.08144218239157
INFO - [G] LONG DT @ 2235: 0.069509885913238
INFO - [G] LONG DT @ 2235: 0.059640688730533
INFO - [G] LONG DT @ 2235: 0.051768550984464
INFO - [G] LONG DT @ 2242: 0.062405461002206
INFO - [G] LONG DT @ 2242: 0.056121708801782
INFO - [G] LONG DT @ 2250: 0.056228337983671
INFO - [G] LONG DT @ 2261: 0.085395641605128
INFO - [G] LONG DT @ 2261: 0.074399613284081
INFO - [G] LONG DT @ 2261: 0.066281730627277
INFO - [G] LONG DT @ 2261: 0.057075964501788
INFO - [G] LONG DT @ 2269: 0.062001421168803
INFO - [G] LONG DT @ 2269: 0.055671116935072
INFO - [G] LONG DT @ 2278: 0.061032566299346
INFO - [G] LONG DT @ 2278: 0.052815613039558
INFO - [G] LONG DT @ 2288: 0.085147956102539
INFO - [G] LONG DT @ 2288: 0.072239204882027
INFO - [G] LONG DT @ 2288: 0.061816563905691
INFO - [G] LONG DT @ 2288: 0.05345557112448
INFO - [G] LONG DT @ 2298: 0.087142098727831
INFO - [G] LONG DT @ 2298: 0.073761718982263
INFO - [G] LONG DT @ 2298: 0.063007135185758
INFO - [G] LONG DT @ 2298: 0.05639096814864
INFO - [G] LONG DT @ 2308: 0.086994496485303
INFO - [G] LONG DT @ 2308: 0.07364933718826
INFO - [G] LONG DT @ 2308: 0.062976889750634
INFO - [G] LONG DT @ 2308: 0.056506191800501
INFO - [G] LONG DT @ 2317: 0.062374072170006
INFO - [G] LONG DT @ 2317: 0.053975417736027
INFO - [G] LONG DT @ 2325: 0.061807798273838
INFO - [G] LONG DT @ 2325: 0.051460018619086
INFO - [G]  (type: number)	 (type: number)	 (type: number)
INFO - [G]  (type: number)	 (type: number)	 (type: number)
INFO - [G]  (type: number)	 (type: number)	 (type: number)
INFO - [G]  (type: number)	 (type: number)	 (type: number)
INFO - [G]  (type: number)	 (type: number)	 (type: number)
INFO - [G]  (type: number)	 (type: number)	 (type: number)
INFO - [G]  (type: number)	 (type: number)	 (type: number)
INFO - [G]  (type: number)	 (type: number)	 (type: number)
INFO - [G] LONG DT @ 2548: 0.051487396807242
INFO - [G]  (type: number)	 (type: number)	 (type: number)
INFO - [G]  (type: number)	 (type: number)	 (type: number)
INFO - [G]  (type: number)	 (type: number)	 (type: number)
INFO - [G]  (type: number)	 (type: number)	 (type: number)
INFO - [G]  (type: number)	 (type: number)	 (type: number)
INFO - [G]  (type: number)	 (type: number)	 (type: number)
INFO - [G]  (type: number)	 (type: number)	 (type: number)
INFO - [G]  (type: number)	 (type: number)	 (type: number)
INFO - [G]  (type: number)	 (type: number)	 (type: number)
INFO - [G]  (type: number)	 (type: number)	 (type: number)
INFO - [G]  (type: number)	 (type: number)	 (type: number)
INFO - [G]  (type: number)	 (type: number)	 (type: number)
INFO - [G]  (type: number)	 (type: number)	 (type: number)
INFO - [G]  (type: number)	 (type: number)	 (type: number)
INFO - [G]  (type: number)	 (type: number)	 (type: number)
INFO - [G]  (type: number)	 (type: number)	 (type: number)
INFO - [G] LONG DT @ 2723: 0.051799635798654
INFO - [G] LONG DT @ 2740: 0.058065929833197
INFO - [G] LONG DT @ 2791: 0.05064557417639
INFO - [G] LONG DT @ 2823: 0.05375230238881
INFO - [G] LONG DT @ 2853: 0.072949475271747
INFO - [G] LONG DT @ 2853: 0.062307060217386
INFO - [G] LONG DT @ 2853: 0.053877328173934
INFO - [G] LONG DT @ 2876: 0.064447224641906
INFO - [G] LONG DT @ 2876: 0.055521499713481
INFO - [G]  (type: number)	 (type: number)	 (type: number)
INFO - [G]  (type: number)	 (type: number)	 (type: number)
INFO - [G]  (type: number)	 (type: number)	 (type: number)
INFO - [G]  (type: number)	 (type: number)	 (type: number)
INFO - [G]  (type: number)	 (type: number)	 (type: number)
INFO - [G]  (type: number)	 (type: number)	 (type: number)
INFO - [G]  (type: number)	 (type: number)	 (type: number)
INFO - [G]  (type: number)	 (type: number)	 (type: number)
INFO - [G] LONG DT @ 2888: 0.050663089317626
INFO - [G] LONG DT @ 2905: 0.071155459374248
INFO - [G] LONG DT @ 2906: 0.060977387499391
INFO - [G] LONG DT @ 2906: 0.05274420999957
INFO - [G] LONG DT @ 2924: 0.080524176155945
INFO - [G] LONG DT @ 2924: 0.06845184092475
INFO - [G] LONG DT @ 2924: 0.058783772739797
INFO - [G] LONG DT @ 2924: 0.051047518191771
INFO - [G] LONG DT @ 2948: 0.092561142729697
INFO - [G] LONG DT @ 2949: 0.078539234183817
INFO - [G] LONG DT @ 2949: 0.067160567347021
INFO - [G] LONG DT @ 2949: 0.057925153877628
INFO - [G] LONG DT @ 2949: 0.050542463102132
INFO - [G] LONG DT @ 2964: 0.066652742378408
INFO - [G] LONG DT @ 2964: 0.057308853902736
INFO - [G] LONG DT @ 2980: 0.066457755340681
INFO - [G] LONG DT @ 2980: 0.057156284272493
INFO - [G] LONG DT @ 2994: 0.062154183861552
INFO - [G] LONG DT @ 2994: 0.053726027089272
INFO - [G]  (type: number)	 (type: number)	 (type: number)
INFO - [G]  (type: number)	 (type: number)	 (type: number)
INFO - [G]  (type: number)	 (type: number)	 (type: number)
INFO - [G]  (type: number)	 (type: number)	 (type: number)
INFO - [G]  (type: number)	 (type: number)	 (type: number)
INFO - [G]  (type: number)	 (type: number)	 (type: number)
INFO - [G] LONG DT @ 3015: 0.073636461086803
INFO - [G] LONG DT @ 3015: 0.063145268869423
INFO - [G] LONG DT @ 3015: 0.054405275095521
INFO - [G] LONG DT @ 3031: 0.072976993729452
INFO - [G] LONG DT @ 3031: 0.062109434983572
INFO - [G] LONG DT @ 3031: 0.054006647986924
INFO - [G]  (type: number)	 (type: number)	 (type: number)
INFO - [G]  (type: number)	 (type: number)	 (type: number)
INFO - [G]  (type: number)	 (type: number)	 (type: number)
INFO - [G]  (type: number)	 (type: number)	 (type: number)
INFO - [G]  (type: number)	 (type: number)	 (type: number)
INFO - [G]  (type: number)	 (type: number)	 (type: number)
INFO - [G]  (type: number)	 (type: number)	 (type: number)
INFO - [G]  (type: number)	 (type: number)	 (type: number)
INFO - [G] LONG DT @ 3060: 0.083027503716369
INFO - [G] LONG DT @ 3060: 0.070385882973087
INFO - [G] LONG DT @ 3060: 0.060500786378408
INFO - [G] LONG DT @ 3060: 0.052453749102753
INFO - [G] LONG DT @ 3067: 0.051974833220798
INFO - [G] LONG DT @ 3084: 0.080633558520873
INFO - [G] LONG DT @ 3084: 0.068621526816719
INFO - [G] LONG DT @ 3084: 0.058828721453374
INFO - [G] LONG DT @ 3084: 0.051668117162666
INFO - [G] LONG DT @ 3093: 0.084732074944907
INFO - [G] LONG DT @ 3094: 0.071807259955867
INFO - [G] LONG DT @ 3094: 0.061449547964701
INFO - [G] LONG DT @ 3094: 0.053232658371794
INFO - [G] LONG DT @ 3101: 0.0588268720612
INFO - [G] LONG DT @ 3101: 0.051048397648887
INFO - [G] LONG DT @ 3116: 0.084023897082916
INFO - [G] LONG DT @ 3116: 0.071250057666363
INFO - [G] LONG DT @ 3116: 0.060989106133094
INFO - [G] LONG DT @ 3116: 0.052816304906447
INFO - [G] 2025-02-09 23:05:48 :: DEBUG :: DefaultLogger :: [BUNCO] - Triggered Exotic System enabling.
INFO - [G] LONG DT @ 3130: 0.09382492110959
INFO - [G] LONG DT @ 3130: 0.079997356887659
INFO - [G] LONG DT @ 3130: 0.069330565510211
INFO - [G] LONG DT @ 3130: 0.060927892408117
INFO - [G] LONG DT @ 3130: 0.053342953926483
INFO - [G] LONG DT @ 3144: 0.054866847776608
INFO - [G] LONG DT @ 3158: 0.085127711214042
INFO - [G] LONG DT @ 3158: 0.072138788971222
INFO - [G] LONG DT @ 3158: 0.061726051176929
INFO - [G] LONG DT @ 3158: 0.053378420941575
INFO - [G] LONG DT @ 3165: 0.055397596843902
INFO - [G] LONG DT @ 3178: 0.085147967858043
INFO - [G] LONG DT @ 3179: 0.072141294286423
INFO - [G] LONG DT @ 3179: 0.061748215429166
INFO - [G] LONG DT @ 3179: 0.053421572343294
INFO - [G] LONG DT @ 3186: 0.053123375720008
INFO - [G] LONG DT @ 3192: 0.050982464287064
INFO - [G]  (type: number)	 (type: number)	 (type: number)
INFO - [G]  (type: number)	 (type: number)	 (type: number)
INFO - [G]  (type: number)	 (type: number)	 (type: number)
INFO - [G]  (type: number)	 (type: number)	 (type: number)
INFO - [G]  (type: number)	 (type: number)	 (type: number)
INFO - [G]  (type: number)	 (type: number)	 (type: number)
INFO - [G]  (type: number)	 (type: number)	 (type: number)
INFO - [G]  (type: number)	 (type: number)	 (type: number)
INFO - [G] LONG DT @ 3199: 0.056954908283378
INFO - [G] LONG DT @ 3212: 0.084459743422539
INFO - [G] LONG DT @ 3213: 0.071617374738023
INFO - [G] LONG DT @ 3213: 0.061394579790429
INFO - [G] LONG DT @ 3213: 0.053169503832303
INFO - [G] LONG DT @ 3222: 0.086077135277817
INFO - [G] LONG DT @ 3222: 0.072674548222299
INFO - [G] LONG DT @ 3222: 0.062399618577846
INFO - [G] LONG DT @ 3222: 0.054395494862277
INFO - [G] LONG DT @ 3230: 0.066847891091729
INFO - [G] LONG DT @ 3230: 0.058773552873415
INFO - [G] LONG DT @ 3230: 0.052710982298706
INFO - [G] LONG DT @ 3240: 0.080979539960644
INFO - [G] LONG DT @ 3240: 0.068874951968559
INFO - [G] LONG DT @ 3240: 0.059199361574843
INFO - [G] LONG DT @ 3240: 0.051592089259852
INFO - [G] LONG DT @ 3249: 0.089392420706875
INFO - [G] LONG DT @ 3250: 0.075518876565459
INFO - [G] LONG DT @ 3250: 0.064494301252345
INFO - [G] LONG DT @ 3250: 0.055720721001938
INFO - [G] LONG DT @ 3258: 0.064364827909736
INFO - [G] LONG DT @ 3258: 0.055508202327787
INFO - [G] LONG DT @ 3265: 0.060572245891407
INFO - [G] LONG DT @ 3266: 0.052412896713111
INFO - [G] LONG DT @ 3275: 0.092158437071661
INFO - [G] LONG DT @ 3275: 0.077803809657292
INFO - [G] LONG DT @ 3275: 0.066286887725865
INFO - [G] LONG DT @ 3275: 0.057210190180682
INFO - [G] LONG DT @ 3283: 0.066682209338693
INFO - [G] LONG DT @ 3283: 0.057233947470967
INFO - [G] LONG DT @ 3291: 0.060242362430506
INFO - [G] LONG DT @ 3291: 0.05243186994433
INFO - [G] LONG DT @ 3298: 0.05883292835474
INFO - [G] LONG DT @ 3299: 0.051017262683781
INFO - [G] LONG DT @ 3306: 0.064065761268805
INFO - [G] LONG DT @ 3306: 0.055260929015001
INFO - [G] LONG DT @ 3314: 0.061988941788064
INFO - [G] LONG DT @ 3314: 0.055692193430427
INFO - [G] LONG DT @ 3323: 0.066966724552319
INFO - [G] LONG DT @ 3323: 0.057505679641852
INFO - [G] LONG DT @ 3323: 0.050015763713511
