INFO - [♥] Lovely 0.7.1
INFO - [♥] Game directory is at "G:\\Games\\Balatro v1.0.1.n-FULL\\Balatro"
INFO - [♥] Writing logs to "C:\\Users\\saydy\\AppData\\Roaming\\Balatro\\Mods\\lovely\\log"
INFO - [♥] Using mod directory at "C:\\Users\\saydy\\AppData\\Roaming\\Balatro\\Mods"
WARN - [♥] Unknown key `patches.21.?.match_indent` found in patch file at "C:\\Users\\saydy\\AppData\\Roaming\\Balatro\\Mods\\Cryptid-refactor\\lovely\\code.toml", ignoring it
INFO - [♥] Cleaning up dumps directory at "C:\\Users\\saydy\\AppData\\Roaming\\Balatro\\Mods\\lovely\\dump"
INFO - [♥] Initialization complete in 22ms
WARN - [♥] Pattern 'G.ARGS.score_intensity.organ = G.video_organ or G.ARGS.score_intensity.required_score > 0 and math.max(math.min(0.4, 0.1*math.log(G.ARGS.score_intensity.earned_score/(G.ARGS.score_intensity.required_score+1), 5)),0.) or 0' on target 'main.lua' for pattern patch from Talisman\lovely.toml resulted in no matches
WARN - [♥] Pattern 'if type(G.GAME.current_round.current_hand.chips) ~= \'number\' or type(G.GAME.current_round.current_hand.mult) ~= \'number\' then' on target 'main.lua' for pattern patch from Talisman\lovely.toml resulted in no matches
INFO - [♥] Applied 15 patches to 'main.lua'
INFO - [♥] Applied 2 patches to 'engine/string_packer.lua'
INFO - [♥] Applied 6 patches to 'engine/controller.lua'
INFO - [♥] Applied 12 patches to 'back.lua'
INFO - [♥] Applied 16 patches to 'tag.lua'
INFO - [♥] Applied 2 patches to 'engine/moveable.lua'
INFO - [♥] Applied 2 patches to 'engine/sprite.lua'
INFO - [♥] Applied 2 patches to 'engine/animatedsprite.lua'
WARN - [♥] Pattern 'assembled_string = assembled_string..(type(subpart) == \'string\' and subpart or args.vars[tonumber(subpart[1])] or \'ERROR\')' on target 'functions/misc_functions.lua' for pattern patch from Talisman\lovely.toml resulted in no matches
INFO - [♥] Applied 49 patches to 'functions/misc_functions.lua'
INFO - [♥] Applied 78 patches to 'game.lua'
INFO - [♥] Applied 1 patch to 'globals.lua'
INFO - [♥] Applied 6 patches to 'engine/ui.lua'
WARN - [♥] Pattern '{n=G.UIT.T, config={text = G.GAME.hands[handname].chips, scale = 0.45, colour = G.C.UI.TEXT_LIGHT}},' on target 'functions/UI_definitions.lua' for pattern patch from Talisman\lovely.toml resulted in no matches
WARN - [♥] Pattern '{n=G.UIT.T, config={text = G.GAME.hands[handname].mult, scale = 0.45, colour = G.C.UI.TEXT_LIGHT}}' on target 'functions/UI_definitions.lua' for pattern patch from Talisman\lovely.toml resulted in no matches
INFO - [♥] Applied 98 patches to 'functions/UI_definitions.lua'
WARN - [♥] Pattern 'ease_to = G.GAME.chips + math.floor(hand_chips * mult) * (e and e.antiscore and -1 or 1),' on target 'functions/state_events.lua' for pattern patch from Cryptid-refactor\lovely\blind.toml resulted in no matches
WARN - [♥] Pattern 'for i = 1, #G.jokers.cards do' on target 'functions/state_events.lua' for pattern patch from Cryptid-refactor\lovely\lib_modifiers.toml resulted in no matches
WARN - [♥] Pattern 'if reps[j] ~= 1 then' on target 'functions/state_events.lua' for pattern patch from Cryptid-refactor\lovely\misc.toml resulted in no matches
WARN - [♥] Pattern 'for i=1, #G.jokers.cards + #G.consumeables.cards do' on target 'functions/state_events.lua' for pattern patch from Cryptid-refactor\lovely\misc.toml resulted in no matches
WARN - [♥] Pattern 'local effects = {[1] = {playing_card = G.hand.cards[i]:get_end_of_round_effect()}}' on target 'functions/state_events.lua' for pattern patch from Cryptid-refactor\lovely\stake.toml resulted in no matches
WARN - [♥] Pattern 'if effects[ii].card then' on target 'functions/state_events.lua' for pattern patch from Talisman\lovely.toml resulted in no matches
WARN - [♥] Pattern 'if effects.jokers.Xmult_mod then mult = mod_mult(mult*effects.jokers.Xmult_mod);extras.mult = true  end' on target 'functions/state_events.lua' for pattern patch from Talisman\lovely.toml resulted in no matches
WARN - [♥] Pattern 'if effect.Xmult_mod then mult = mod_mult(mult*effect.Xmult_mod);extras.mult = true  end' on target 'functions/state_events.lua' for pattern patch from Talisman\lovely.toml resulted in no matches
WARN - [♥] Pattern 'if effects[ii].message then' on target 'functions/state_events.lua' for pattern patch from Talisman\lovely.toml resulted in no matches
WARN - [♥] Pattern '--calculate the card edition effects' on target 'functions/state_events.lua' for pattern patch from Talisman\lovely.toml resulted in no matches
WARN - [♥] Pattern 'if effects[ii].edition.p_dollars_mod then' on target 'functions/state_events.lua' for pattern patch from Talisman\lovely.toml resulted in no matches
WARN - [♥] Pattern 'if edition_effects.jokers.x_mult_mod then' on target 'functions/state_events.lua' for pattern patch from Talisman\lovely.toml resulted in no matches
WARN - [♥] Pattern 'if SMODS.has_enhancement(scoring_hand[i], \'m_glass\') and not scoring_hand[i].debuff and pseudorandom(\'glass\') < G.GAME.probabilities.normal/(scoring_hand[i].ability.name == \'Glass Card\' and scoring_hand[i].ability.extra or G.P_CENTERS.m_glass.config.extra) then' on target 'functions/state_events.lua' for pattern patch from Cryptid-refactor\lovely\Probability.toml resulted in no matches
WARN - [♥] Regex '(?<indent>[\\t ]*)if destroyed then \\n' on target 'functions/state_events.lua' for regex patch from Cryptid-refactor\lovely\seal.toml resulted in no matches
INFO - [♥] Applied 71 patches to 'functions/state_events.lua'
WARN - [♥] Pattern '{n=G.UIT.T, config={text = localize(\'$\')..config.dollars, scale = 1.2*scale, colour = G.C.WHITE, shadow = true, juice = true}}' on target 'functions/common_events.lua' for pattern patch from Cryptid-refactor\lovely\code.toml resulted in no matches
WARN - [♥] Pattern 'function generate_card_ui(_c, full_UI_table, specific_vars, card_type, badges, hide_desc, main_start, main_end)' on target 'functions/common_events.lua' for pattern patch from Cryptid-refactor\lovely\lib_misc.toml resulted in no matches
WARN - [♥] Pattern 'elseif v.boss.showdown and (G.GAME.round_resets.ante)%G.GAME.win_ante == 0 and G.GAME.round_resets.ante >= 2 then' on target 'functions/common_events.lua' for pattern patch from Cryptid-refactor\lovely\stake.toml resulted in no matches
WARN - [♥] Pattern 'func = (function() if eval_func(card) then if not first or first then card:juice_up(0.1, 0.1) end;juice_card_until(card, eval_func, nil, 0.8) end return true end)' on target 'functions/common_events.lua' for pattern patch from Talisman\lovely.toml resulted in no matches
INFO - [♥] Applied 142 patches to 'functions/common_events.lua'
INFO - [♥] Applied 57 patches to 'functions/button_callbacks.lua'
WARN - [♥] Pattern 'if self.ability.name == \'Campfire\' and G.GAME.blind.boss and not (G.GAME.blind.config and G.GAME.blind.config.bonus) and self.ability.x_mult > 1 then' on target 'card.lua' for pattern patch from Cryptid-refactor\lovely\misc.toml resulted in no matches
WARN - [♥] Pattern 'if self.ability.name:find(\'Arcana\') then' on target 'card.lua' for pattern patch from Cryptid-refactor\lovely\misprint.toml resulted in no matches
WARN - [♥] Pattern 'if self.ability.name == \'The Hermit\' or self.ability.consumeable.hand_type or self.ability.name == \'Temperance\' or self.ability.name == \'Black Hole\' then' on target 'card.lua' for pattern patch from Cryptid-refactor\lovely\stake.toml resulted in no matches
WARN - [♥] Pattern 'if self.ability.queue_negative_removal then' on target 'card.lua' for pattern patch from Cryptid-refactor\lovely\sticker.toml resulted in no matches
WARN - [♥] Pattern 'if G.GAME.blind then G.E_MANAGER:add_event(Event({ func = function() G.GAME.blind:set_blind(nil, true, nil); return true end })) end' on target 'card.lua' for pattern patch from Talisman\lovely.toml resulted in no matches
WARN - [♥] Pattern 'elseif self.ability.name == \'Business Card\' then loc_vars = {\'\'..(G.GAME and G.GAME.probabilities.normal or 1), self.ability.extra}' on target 'card.lua' for pattern patch from Cryptid-refactor\lovely\Probability.toml resulted in no matches
WARN - [♥] Pattern 'pseudorandom(\'business\') < G.GAME.probabilities.normal/self.ability.extra then' on target 'card.lua' for pattern patch from Cryptid-refactor\lovely\Probability.toml resulted in no matches
INFO - [♥] Applied 241 patches to 'card.lua'
WARN - [♥] Pattern 'table.sort(self.cards, function (a, b) return a.T.x + a.T.w/2 - 100*(a.pinned and a.sort_id or 0) < b.T.x + b.T.w/2 - 100*(b.pinned and b.sort_id or 0) end)' on target 'cardarea.lua' for pattern patch from Cryptid-refactor\lovely\conveyor.toml resulted in no matches
INFO - [♥] Applied 14 patches to 'cardarea.lua'
INFO - [♥] Applied 32 patches to 'blind.lua'
INFO - [♥] Applied 2 patches to 'card_character.lua'
INFO - [♥] Applied 5 patches to 'engine/text.lua'
INFO - [♥] Applied 1 patch to '=[SMODS _ "src/overrides.lua"]'
INFO - [G] Failed to connect to the debug server
INFO - [G] 2025-02-06 23:42:56 :: DEBUG :: DebugConsole :: Steamodded Debug Socket started !
INFO - [♥] Applied 9 patches to 'engine/sound_manager.lua'
INFO - [♥] Applied 2 patches to 'engine/string_packer.lua'
INFO - [G] 2025-02-06 23:42:57 :: TRACE :: Loader :: Processing Mod file (Legacy header): Cryptid.lua
INFO - [G] 2025-02-06 23:42:57 :: TRACE :: Loader :: Saving Mod Info: Cryptid
INFO - [G] 2025-02-06 23:42:57 :: TRACE :: Loader :: Processing Mod file (Legacy header): steamodded_metadata.lua
INFO - [G] 2025-02-06 23:42:57 :: TRACE :: Loader :: Saving Mod Info: Talisman
INFO - [G] [CRYPTID] Loading library file ascended.lua
INFO - [G] [CRYPTID] Loading library file calculate.lua
INFO - [G] [CRYPTID] Loading library file content.lua
INFO - [G] [CRYPTID] Loading library file cross-mod.lua
INFO - [G] [CRYPTID] Loading library file d20.lua
INFO - [G] [CRYPTID] Loading library file event.lua
INFO - [G] [CRYPTID] Loading library file gameset.lua
INFO - [G] [CRYPTID] Loading library file https.lua
INFO - [G] [CRYPTID] Loading library file misc.lua
INFO - [G] [CRYPTID] Loading library file misprintize.lua
INFO - [G] [CRYPTID] Loading library file modifiers.lua
INFO - [G] 2025-02-06 23:42:57 :: WARN  :: Sticker :: Detected duplicate register call on object perishable
INFO - [G] 2025-02-06 23:42:57 :: WARN  :: Sticker :: Detected duplicate register call on object pinned
INFO - [G] 2025-02-06 23:42:57 :: WARN  :: Sticker :: Detected duplicate register call on object eternal
INFO - [G] 2025-02-06 23:42:57 :: WARN  :: Sticker :: Detected duplicate register call on object rental
INFO - [G] [CRYPTID] Loading library file notifications.lua
INFO - [G] [CRYPTID] Loading library file overrides.lua
INFO - [G] [CRYPTID] Loading file achievement.lua
INFO - [G] [CRYPTID] Loading file blind.lua
INFO - [G] [CRYPTID] Loading file challenge.lua
INFO - [G] [CRYPTID] Loading file code.lua
INFO - [G] [CRYPTID] Loading file deck.lua
INFO - [G] [CRYPTID] Loading file enhanced.lua
INFO - [G] [CRYPTID] Loading file epic.lua
INFO - [G] [CRYPTID] Loading file exotic.lua
INFO - [G] [CRYPTID] Loading file joker_display.lua
INFO - [G] [CRYPTID] Loading file m.lua
INFO - [G] [CRYPTID] Loading file misc.lua
INFO - [G] [CRYPTID] Loading file misc_joker.lua
INFO - [G] [CRYPTID] Loading file planet.lua
INFO - [G] [CRYPTID] Loading file sleeve.lua
INFO - [G] [CRYPTID] Loading file spectral.lua
INFO - [G] [CRYPTID] Loading file spooky.lua
INFO - [G] [CRYPTID] Loading file stake.lua
INFO - [G] [CRYPTID] Loading file tag.lua
INFO - [G] [CRYPTID] Loading file test.lua
INFO - [G] [CRYPTID] Loading file voucher.lua
INFO - [G] 2025-02-06 23:42:57 :: WARN  :: Atlas :: Object cry_effarcire has the same key as an existing object, not registering.
INFO - [G] 2025-02-06 23:42:57 :: WARN  :: Atlas :: If you want to modify an existing object, use take_ownership()
INFO - [G] 2025-02-06 23:42:57 :: WARN  :: ObjectType :: Object Tier3 has the same key as an existing object, not registering.
INFO - [G] 2025-02-06 23:42:57 :: WARN  :: ObjectType :: If you want to modify an existing object, use take_ownership()
INFO - [G] 2025-02-06 23:42:57 :: INFO  :: TIMER :: [0000] Injected Language in 0.001 ms
INFO - [G] 2025-02-06 23:42:57 :: INFO  :: TIMER :: [0000] Injected [INTERNAL] in 0.687 ms
INFO - [G] 2025-02-06 23:42:58 :: INFO  :: TIMER :: [0030] Injected Atlas in 615.414 ms
INFO - [G] 2025-02-06 23:42:58 :: INFO  :: TIMER :: [0028] Injected Sound in 13.593 ms
INFO - [G] 2025-02-06 23:42:58 :: INFO  :: TIMER :: [0032] Injected Stake in 1.803 ms
INFO - [G] 2025-02-06 23:42:58 :: INFO  :: TIMER :: [0008] Injected Rarity in 0.029 ms
INFO - [G] 2025-02-06 23:42:58 :: INFO  :: TIMER :: [0010] Injected ObjectType in 0.076 ms
INFO - [G] 2025-02-06 23:42:58 :: INFO  :: TIMER :: [0416] Injected Center in 2.424 ms
INFO - [G] 2025-02-06 23:42:58 :: INFO  :: TIMER :: [0009] Injected Undiscovered Sprite in 0.007 ms
INFO - [G] 2025-02-06 23:42:58 :: INFO  :: TIMER :: [0027] Injected Blind in 0.030 ms
INFO - [G] 2025-02-06 23:42:58 :: INFO  :: TIMER :: [0006] Injected Seal in 0.262 ms
INFO - [G] 2025-02-06 23:42:58 :: INFO  :: TIMER :: [0004] Injected Suit in 0.086 ms
INFO - [G] 2025-02-06 23:42:58 :: INFO  :: TIMER :: [0013] Injected Rank in 0.084 ms
INFO - [G] 2025-02-06 23:42:58 :: INFO  :: TIMER :: [0020] Injected DeckSkin in 0.152 ms
INFO - [G] 2025-02-06 23:42:58 :: INFO  :: TIMER :: [0016] Injected PokerHand in 0.200 ms
INFO - [G] 2025-02-06 23:42:58 :: INFO  :: TIMER :: [0031] Injected Challenge in 0.151 ms
INFO - [G] 2025-02-06 23:42:58 :: INFO  :: TIMER :: [0028] Injected Tag in 0.254 ms
INFO - [G] 2025-02-06 23:42:58 :: INFO  :: TIMER :: [0010] Injected Sticker in 0.988 ms
INFO - [G] 2025-02-06 23:42:58 :: INFO  :: TIMER :: [0009] Injected Shader in 521.983 ms
INFO - [G] 2025-02-06 23:42:58 :: INFO  :: TIMER :: [0001] Injected Keybind in 0.009 ms
INFO - [G] 2025-02-06 23:42:58 :: INFO  :: TIMER :: [0020] Injected Achievement in 0.189 ms
INFO - [G] 2025-02-06 23:42:58 :: INFO  :: TIMER :: [0000] Injected [INTERNAL] in 3.290 ms
INFO - [G] 2025-02-06 23:42:58 :: INFO  :: TIMER :: [0011] Injected Event in 0.124 ms
