INFO - [♥] Lovely 0.7.1
INFO - [♥] Game directory is at "G:\\Games\\Balatro v1.0.1.n-FULL\\Balatro"
INFO - [♥] Writing logs to "C:\\Users\\saydy\\AppData\\Roaming\\Balatro\\Mods\\lovely\\log"
INFO - [♥] Using mod directory at "C:\\Users\\saydy\\AppData\\Roaming\\Balatro\\Mods"
WARN - [♥] Unknown key `patches.16.?.match_indent` found in patch file at "C:\\Users\\saydy\\AppData\\Roaming\\Balatro\\Mods\\Bunco-main\\lovely.toml", ignoring it
WARN - [♥] Unknown key `patches.157.?.match_indent` found in patch file at "C:\\Users\\saydy\\AppData\\Roaming\\Balatro\\Mods\\Bunco-main\\lovely.toml", ignoring it
WARN - [♥] Unknown key `patches.21.?.match_indent` found in patch file at "C:\\Users\\saydy\\AppData\\Roaming\\Balatro\\Mods\\Cryptid-1e8d5d61911efe1f7af75f73656c2db3bd786c76\\lovely\\code.toml", ignoring it
INFO - [♥] Cleaning up dumps directory at "C:\\Users\\saydy\\AppData\\Roaming\\Balatro\\Mods\\lovely\\dump"
INFO - [♥] Initialization complete in 1066ms
WARN - [♥] Pattern 'G.ARGS.score_intensity.organ = G.video_organ or G.ARGS.score_intensity.required_score > 0 and math.max(math.min(0.4, 0.1*math.log(G.ARGS.score_intensity.earned_score/(G.ARGS.score_intensity.required_score+1), 5)),0.) or 0' on target 'main.lua' for pattern patch from Talisman\lovely.toml resulted in no matches
WARN - [♥] Pattern 'if type(G.GAME.current_round.current_hand.chips) ~= \'number\' or type(G.GAME.current_round.current_hand.mult) ~= \'number\' then' on target 'main.lua' for pattern patch from Talisman\lovely.toml resulted in no matches
INFO - [♥] Applied 15 patches to 'main.lua'
INFO - [♥] Applied 2 patches to 'engine/string_packer.lua'
INFO - [♥] Applied 6 patches to 'engine/controller.lua'
INFO - [♥] Applied 12 patches to 'back.lua'
WARN - [♥] Pattern 'add_tag(Tag(_context.tag.key))' on target 'tag.lua' for pattern patch from Reverie\lovely.toml resulted in no matches
INFO - [♥] Applied 20 patches to 'tag.lua'
INFO - [♥] Applied 3 patches to 'engine/node.lua'
INFO - [♥] Applied 2 patches to 'engine/moveable.lua'
INFO - [♥] Applied 2 patches to 'engine/sprite.lua'
INFO - [♥] Applied 2 patches to 'engine/animatedsprite.lua'
WARN - [♥] Pattern 'assembled_string = assembled_string..(type(subpart) == \'string\' and subpart or args.vars[tonumber(subpart[1])] or \'ERROR\')' on target 'functions/misc_functions.lua' for pattern patch from Talisman\lovely.toml resulted in no matches
INFO - [♥] Applied 52 patches to 'functions/misc_functions.lua'
WARN - [♥] Pattern 'for i = 1, 2 do' on target 'game.lua' for pattern patch from Bunco-main\lovely.toml resulted in no matches
INFO - [♥] Applied 96 patches to 'game.lua'
INFO - [♥] Applied 4 patches to 'globals.lua'
INFO - [♥] Applied 6 patches to 'engine/ui.lua'
WARN - [♥] Pattern '{n=G.UIT.T, config={text = G.GAME.hands[handname].chips, scale = 0.45, colour = G.C.UI.TEXT_LIGHT}},' on target 'functions/UI_definitions.lua' for pattern patch from Talisman\lovely.toml resulted in no matches
WARN - [♥] Pattern '{n=G.UIT.T, config={text = G.GAME.hands[handname].mult, scale = 0.45, colour = G.C.UI.TEXT_LIGHT}}' on target 'functions/UI_definitions.lua' for pattern patch from Talisman\lovely.toml resulted in no matches
INFO - [♥] Applied 103 patches to 'functions/UI_definitions.lua'
WARN - [♥] Pattern 'ease_to = G.GAME.chips + math.floor(hand_chips * mult) * (e and e.antiscore and -1 or 1),' on target 'functions/state_events.lua' for pattern patch from Cryptid-1e8d5d61911efe1f7af75f73656c2db3bd786c76\lovely\blind.toml resulted in no matches
WARN - [♥] Pattern 'for i = 1, #G.jokers.cards do' on target 'functions/state_events.lua' for pattern patch from Cryptid-1e8d5d61911efe1f7af75f73656c2db3bd786c76\lovely\lib_modifiers.toml resulted in no matches
WARN - [♥] Pattern 'if reps[j] ~= 1 then' on target 'functions/state_events.lua' for pattern patch from Cryptid-1e8d5d61911efe1f7af75f73656c2db3bd786c76\lovely\misc.toml resulted in no matches
WARN - [♥] Pattern 'for i=1, #G.jokers.cards + #G.consumeables.cards do' on target 'functions/state_events.lua' for pattern patch from Cryptid-1e8d5d61911efe1f7af75f73656c2db3bd786c76\lovely\misc.toml resulted in no matches
WARN - [♥] Pattern 'local effects = {[1] = {playing_card = G.hand.cards[i]:get_end_of_round_effect()}}' on target 'functions/state_events.lua' for pattern patch from Cryptid-1e8d5d61911efe1f7af75f73656c2db3bd786c76\lovely\stake.toml resulted in no matches
WARN - [♥] Pattern 'if effects[ii].card then' on target 'functions/state_events.lua' for pattern patch from Talisman\lovely.toml resulted in no matches
WARN - [♥] Pattern 'if effects.jokers.Xmult_mod then mult = mod_mult(mult*effects.jokers.Xmult_mod);extras.mult = true  end' on target 'functions/state_events.lua' for pattern patch from Talisman\lovely.toml resulted in no matches
WARN - [♥] Pattern 'if effect.Xmult_mod then mult = mod_mult(mult*effect.Xmult_mod);extras.mult = true  end' on target 'functions/state_events.lua' for pattern patch from Talisman\lovely.toml resulted in no matches
WARN - [♥] Pattern 'if effects[ii].message then' on target 'functions/state_events.lua' for pattern patch from Talisman\lovely.toml resulted in no matches
WARN - [♥] Pattern '--calculate the card edition effects' on target 'functions/state_events.lua' for pattern patch from Talisman\lovely.toml resulted in no matches
WARN - [♥] Pattern 'if effects[ii].edition.p_dollars_mod then' on target 'functions/state_events.lua' for pattern patch from Talisman\lovely.toml resulted in no matches
WARN - [♥] Pattern 'if edition_effects.jokers.x_mult_mod then' on target 'functions/state_events.lua' for pattern patch from Talisman\lovely.toml resulted in no matches
WARN - [♥] Pattern 'card_eval_status_text(scoring_hand[i], \'extra\', nil, percent, nil, effects[ii].extra)' on target 'functions/state_events.lua' for pattern patch from Cosmos-0.0.2\lovely\no_status.toml resulted in no matches
WARN - [♥] Pattern 'card_eval_status_text(scoring_hand[i], \'extra\', nil, percent, nil, effects[ii].extra)' on target 'functions/state_events.lua' for pattern patch from Cosmos-0.0.2\lovely\no_status.toml resulted in no matches
WARN - [♥] Pattern 'if SMODS.has_enhancement(scoring_hand[i], \'m_glass\') and not scoring_hand[i].debuff and pseudorandom(\'glass\') < G.GAME.probabilities.normal/(scoring_hand[i].ability.name == \'Glass Card\' and scoring_hand[i].ability.extra or G.P_CENTERS.m_glass.config.extra) then' on target 'functions/state_events.lua' for pattern patch from Cryptid-1e8d5d61911efe1f7af75f73656c2db3bd786c76\lovely\Probability.toml resulted in no matches
WARN - [♥] Pattern 'ease_to = G.GAME.chips + math.floor(hand_chips*mult),' on target 'functions/state_events.lua' for pattern patch from Bunco-main\lovely.toml resulted in no matches
WARN - [♥] Pattern 'for i=1, #G.jokers.cards + #G.consumeables.cards do' on target 'functions/state_events.lua' for pattern patch from Bunco-main\lovely.toml resulted in no matches
WARN - [♥] Regex '(?<indent>[\\t ]*)if destroyed then \\n' on target 'functions/state_events.lua' for regex patch from Cryptid-1e8d5d61911efe1f7af75f73656c2db3bd786c76\lovely\seal.toml resulted in no matches
INFO - [♥] Applied 102 patches to 'functions/state_events.lua'
WARN - [♥] Pattern '{n=G.UIT.T, config={text = localize(\'$\')..config.dollars, scale = 1.2*scale, colour = G.C.WHITE, shadow = true, juice = true}}' on target 'functions/common_events.lua' for pattern patch from Cryptid-1e8d5d61911efe1f7af75f73656c2db3bd786c76\lovely\code.toml resulted in no matches
WARN - [♥] Pattern 'function generate_card_ui(_c, full_UI_table, specific_vars, card_type, badges, hide_desc, main_start, main_end)' on target 'functions/common_events.lua' for pattern patch from Cryptid-1e8d5d61911efe1f7af75f73656c2db3bd786c76\lovely\lib_misc.toml resulted in no matches
WARN - [♥] Pattern 'elseif v.boss.showdown and (G.GAME.round_resets.ante)%G.GAME.win_ante == 0 and G.GAME.round_resets.ante >= 2 then' on target 'functions/common_events.lua' for pattern patch from Cryptid-1e8d5d61911efe1f7af75f73656c2db3bd786c76\lovely\stake.toml resulted in no matches
WARN - [♥] Pattern 'func = (function() if eval_func(card) then if not first or first then card:juice_up(0.1, 0.1) end;juice_card_until(card, eval_func, nil, 0.8) end return true end)' on target 'functions/common_events.lua' for pattern patch from Talisman\lovely.toml resulted in no matches
WARN - [♥] Pattern 'elseif _c.effect == \'Lucky Card\' then loc_vars = {G.GAME.probabilities.normal, cfg.mult, 5, cfg.p_dollars, 15}' on target 'functions/common_events.lua' for pattern patch from Cryptid-1e8d5d61911efe1f7af75f73656c2db3bd786c76\lovely\Probability.toml resulted in no matches
WARN - [♥] Pattern 'info_queue[#info_queue + 1] = G.P_CENTERS[\'e_\'..v]' on target 'functions/common_events.lua' for pattern patch from Bunco-main\lovely.toml resulted in no matches
INFO - [♥] Applied 173 patches to 'functions/common_events.lua'
WARN - [♥] Pattern 'if #G.hand.highlighted <= 0 or G.GAME.blind.block_play or #G.hand.highlighted > 5 then' on target 'functions/button_callbacks.lua' for pattern patch from Bunco-main\lovely.toml resulted in no matches
WARN - [♥] Pattern 'add_tag(_tag.config.ref_table)' on target 'functions/button_callbacks.lua' for pattern patch from Bunco-main\lovely.toml resulted in no matches
INFO - [♥] Applied 79 patches to 'functions/button_callbacks.lua'
WARN - [♥] Pattern 'if self.ability.name == \'Campfire\' and G.GAME.blind.boss and not (G.GAME.blind.config and G.GAME.blind.config.bonus) and self.ability.x_mult > 1 then' on target 'card.lua' for pattern patch from Cryptid-1e8d5d61911efe1f7af75f73656c2db3bd786c76\lovely\misc.toml resulted in no matches
WARN - [♥] Pattern 'if self.ability.name:find(\'Arcana\') then' on target 'card.lua' for pattern patch from Cryptid-1e8d5d61911efe1f7af75f73656c2db3bd786c76\lovely\misprint.toml resulted in no matches
WARN - [♥] Pattern 'if self.ability.name == \'The Hermit\' or self.ability.consumeable.hand_type or self.ability.name == \'Temperance\' or self.ability.name == \'Black Hole\' then' on target 'card.lua' for pattern patch from Cryptid-1e8d5d61911efe1f7af75f73656c2db3bd786c76\lovely\stake.toml resulted in no matches
WARN - [♥] Pattern 'if self.ability.queue_negative_removal then' on target 'card.lua' for pattern patch from Cryptid-1e8d5d61911efe1f7af75f73656c2db3bd786c76\lovely\sticker.toml resulted in no matches
WARN - [♥] Pattern 'if G.GAME.blind then G.E_MANAGER:add_event(Event({ func = function() G.GAME.blind:set_blind(nil, true, nil); return true end })) end' on target 'card.lua' for pattern patch from Talisman\lovely.toml resulted in no matches
WARN - [♥] Pattern 'if not initial then G.GAME.blind:debuff_card(self) end' on target 'card.lua' for pattern patch from kcvanilla-2.2.2\lovely.toml resulted in no matches
WARN - [♥] Pattern 'if pseudorandom(\'lucky_money\') < G.GAME.probabilities.normal/15 then' on target 'card.lua' for pattern patch from Cryptid-1e8d5d61911efe1f7af75f73656c2db3bd786c76\lovely\Probability.toml resulted in no matches
WARN - [♥] Pattern 'if pseudorandom(\'lucky_mult\') < G.GAME.probabilities.normal/5 then' on target 'card.lua' for pattern patch from Cryptid-1e8d5d61911efe1f7af75f73656c2db3bd786c76\lovely\Probability.toml resulted in no matches
WARN - [♥] Pattern 'elseif self.ability.name == \'Business Card\' then loc_vars = {\'\'..(G.GAME and G.GAME.probabilities.normal or 1), self.ability.extra}' on target 'card.lua' for pattern patch from Cryptid-1e8d5d61911efe1f7af75f73656c2db3bd786c76\lovely\Probability.toml resulted in no matches
WARN - [♥] Pattern 'pseudorandom(\'business\') < G.GAME.probabilities.normal/self.ability.extra then' on target 'card.lua' for pattern patch from Cryptid-1e8d5d61911efe1f7af75f73656c2db3bd786c76\lovely\Probability.toml resulted in no matches
WARN - [♥] Pattern 'if (self.edition and self.edition.negative) or (self.ability.name == \'Antimatter\' and (self.config.center.discovered or self.bypass_discovery_center)) then' on target 'card.lua' for pattern patch from Bunco-main\lovely.toml resulted in no matches
INFO - [♥] Applied 297 patches to 'card.lua'
WARN - [♥] Pattern 'table.sort(self.cards, function (a, b) return a.T.x + a.T.w/2 - 100*(a.pinned and a.sort_id or 0) < b.T.x + b.T.w/2 - 100*(b.pinned and b.sort_id or 0) end)' on target 'cardarea.lua' for pattern patch from Cryptid-1e8d5d61911efe1f7af75f73656c2db3bd786c76\lovely\conveyor.toml resulted in no matches
WARN - [♥] Pattern 'update_hand_text({immediate = true, nopulse = nil, delay = 0}, {handname=disp_text, level=G.GAME.hands[text].level, mult = G.GAME.hands[text].mult, chips = G.GAME.hands[text].chips})' on target 'cardarea.lua' for pattern patch from Bunco-main\lovely.toml resulted in no matches
INFO - [♥] Applied 22 patches to 'cardarea.lua'
INFO - [♥] Applied 34 patches to 'blind.lua'
INFO - [♥] Applied 2 patches to 'card_character.lua'
INFO - [♥] Applied 5 patches to 'engine/text.lua'
INFO - [♥] Applied 1 patch to '=[SMODS _ "src/overrides.lua"]'
INFO - [G] Failed to connect to the debug server
INFO - [G] 2025-02-09 21:59:42 :: DEBUG :: DebugConsole :: Steamodded Debug Socket started !
INFO - [♥] Applied 9 patches to 'engine/sound_manager.lua'
INFO - [♥] Applied 2 patches to 'engine/string_packer.lua'
INFO - [G] 2025-02-09 21:59:43 :: TRACE :: Loader :: Processing Mod file (Legacy header): Bunco.lua
INFO - [G] 2025-02-09 21:59:43 :: TRACE :: Loader :: Saving Mod Info: Bunco
INFO - [G] 2025-02-09 21:59:43 :: INFO  :: DefaultLogger :: Valid JSON file found
INFO - [G] 2025-02-09 21:59:44 :: TRACE :: Loader :: Processing Mod file (Legacy header): Cryptid.lua
INFO - [G] 2025-02-09 21:59:44 :: TRACE :: Loader :: Saving Mod Info: Cryptid
INFO - [G] 2025-02-09 21:59:44 :: INFO  :: DefaultLogger :: Valid JSON file found
INFO - [G] 2025-02-09 21:59:44 :: TRACE :: Loader :: Processing Mod file (Legacy header): steamodded_metadata.lua
INFO - [G] 2025-02-09 21:59:44 :: TRACE :: Loader :: Saving Mod Info: Talisman
INFO - [G] 2025-02-09 21:59:45 :: INFO  :: DefaultLogger :: Valid JSON file found
INFO - [G] 2025-02-09 21:59:45 :: ERROR :: Loader :: Found invalid metadata JSON file at C:\Users\saydy\AppData\Roaming\Balatro\Mods/paperback-0.5.0a/.vscode/settings.json, ignoring: [SMODS _ "src/loader.lua"]:226: id
INFO - [G] 2025-02-09 21:59:45 :: INFO  :: DefaultLogger :: Valid JSON file found
INFO - [G] 2025-02-09 21:59:45 :: WARN  :: Challenge :: Detected duplicate register call on object c_mad_world_1
INFO - [G] 2025-02-09 21:59:46 :: DEBUG :: Paperback :: Loaded joker: calling_card
INFO - [G] 2025-02-09 21:59:46 :: DEBUG :: Paperback :: Loaded joker: quick_fix
INFO - [G] 2025-02-09 21:59:46 :: DEBUG :: Paperback :: Loaded joker: sacrificial_lamb
INFO - [G] 2025-02-09 21:59:46 :: DEBUG :: Paperback :: Loaded joker: wish_you_were_here
INFO - [G] 2025-02-09 21:59:46 :: DEBUG :: Paperback :: Loaded joker: stamp
INFO - [G] 2025-02-09 21:59:46 :: DEBUG :: Paperback :: Loaded joker: solar_system
INFO - [G] 2025-02-09 21:59:46 :: DEBUG :: Paperback :: Loaded joker: furioso
INFO - [G] 2025-02-09 21:59:46 :: DEBUG :: Paperback :: Loaded joker: pride_flag
INFO - [G] 2025-02-09 21:59:46 :: DEBUG :: Paperback :: Loaded joker: pool_table
INFO - [G] 2025-02-09 21:59:46 :: DEBUG :: Paperback :: Loaded joker: summoning_circle
INFO - [G] 2025-02-09 21:59:46 :: DEBUG :: Paperback :: Loaded joker: hole_in_one
INFO - [G] 2025-02-09 21:59:46 :: DEBUG :: Paperback :: Loaded joker: derecho
INFO - [G] 2025-02-09 21:59:46 :: DEBUG :: Paperback :: Loaded joker: forgery
INFO - [G] 2025-02-09 21:59:46 :: DEBUG :: Paperback :: Loaded joker: skydiver
INFO - [G] 2025-02-09 21:59:46 :: DEBUG :: Paperback :: Loaded joker: solemn_lament
INFO - [G] 2025-02-09 21:59:46 :: DEBUG :: Paperback :: Loaded joker: ghost_cola
INFO - [G] 2025-02-09 21:59:46 :: DEBUG :: Paperback :: Loaded joker: mismatched_sock
INFO - [G] 2025-02-09 21:59:46 :: DEBUG :: Paperback :: Loaded joker: shopping_center
INFO - [G] 2025-02-09 21:59:46 :: DEBUG :: Paperback :: Loaded joker: union_card
INFO - [G] 2025-02-09 21:59:46 :: DEBUG :: Paperback :: Loaded joker: nachos
INFO - [G] 2025-02-09 21:59:46 :: DEBUG :: Paperback :: Loaded joker: jester_of_nihil
INFO - [G] 2025-02-09 21:59:46 :: DEBUG :: Paperback :: Loaded joker: complete_breakfast
INFO - [G] 2025-02-09 21:59:46 :: DEBUG :: Paperback :: Loaded joker: reference_card
INFO - [G] 2025-02-09 21:59:46 :: DEBUG :: Paperback :: Loaded joker: crispy_taco
INFO - [G] 2025-02-09 21:59:46 :: DEBUG :: Paperback :: Loaded joker: soft_taco
INFO - [G] 2025-02-09 21:59:46 :: DEBUG :: Paperback :: Loaded joker: prince_of_darkness
INFO - [G] 2025-02-09 21:59:46 :: DEBUG :: Paperback :: Loaded joker: black_rainbows
INFO - [G] 2025-02-09 21:59:46 :: DEBUG :: Paperback :: Loaded joker: emergency_broadcast
INFO - [G] 2025-02-09 21:59:46 :: DEBUG :: Paperback :: Loaded joker: triple_moon_goddess
INFO - [G] 2025-02-09 21:59:46 :: DEBUG :: Paperback :: Loaded joker: wild_prize
INFO - [G] 2025-02-09 21:59:46 :: DEBUG :: Paperback :: Loaded joker: bicycle
INFO - [G] 2025-02-09 21:59:46 :: DEBUG :: Paperback :: Loaded joker: grand_strategy
INFO - [G] 2025-02-09 21:59:46 :: DEBUG :: Paperback :: Loaded joker: great_wave
INFO - [G] 2025-02-09 21:59:46 :: DEBUG :: Paperback :: Loaded joker: let_it_happen
INFO - [G] 2025-02-09 21:59:46 :: DEBUG :: Paperback :: Loaded joker: dreamsicle
INFO - [G] 2025-02-09 21:59:46 :: DEBUG :: Paperback :: Loaded joker: popsicle_stick
INFO - [G] 2025-02-09 21:59:46 :: DEBUG :: Paperback :: Loaded joker: cakepop
INFO - [G] 2025-02-09 21:59:46 :: DEBUG :: Paperback :: Loaded joker: pop_stick
INFO - [G] 2025-02-09 21:59:46 :: DEBUG :: Paperback :: Loaded joker: caramel_apple
INFO - [G] 2025-02-09 21:59:46 :: DEBUG :: Paperback :: Loaded joker: pointy_stick
INFO - [G] 2025-02-09 21:59:46 :: DEBUG :: Paperback :: Loaded joker: charred_marshmallow
INFO - [G] 2025-02-09 21:59:46 :: DEBUG :: Paperback :: Loaded joker: sticky_stick
INFO - [G] 2025-02-09 21:59:46 :: DEBUG :: Paperback :: Loaded joker: paranoia
INFO - [G] 2025-02-09 21:59:46 :: DEBUG :: Paperback :: Loaded joker: subterfuge
INFO - [G] 2025-02-09 21:59:46 :: DEBUG :: Paperback :: Loaded joker: unholy_alliance
INFO - [G] 2025-02-09 21:59:46 :: DEBUG :: Paperback :: Loaded joker: cherry_blossoms
INFO - [G] 2025-02-09 21:59:46 :: DEBUG :: Paperback :: Loaded joker: blue_bonnets
INFO - [G] 2025-02-09 21:59:46 :: DEBUG :: Paperback :: Loaded joker: autumn_leaves
INFO - [G] 2025-02-09 21:59:46 :: DEBUG :: Paperback :: Loaded joker: evergreens
INFO - [G] 2025-02-09 21:59:46 :: DEBUG :: Paperback :: Loaded joker: river
INFO - [G] 2025-02-09 21:59:46 :: DEBUG :: Paperback :: Loaded joker: moribund
INFO - [G] 2025-02-09 21:59:46 :: DEBUG :: Paperback :: Loaded joker: jimbo_adventure
INFO - [G] 2025-02-09 21:59:46 :: DEBUG :: Paperback :: Loaded joker: joker_cookie
INFO - [G] 2025-02-09 21:59:46 :: DEBUG :: Paperback :: Loaded joker: the_world
INFO - [G] 2025-02-09 21:59:46 :: DEBUG :: Paperback :: Loaded joker: meeple
INFO - [G] 2025-02-09 21:59:46 :: DEBUG :: Paperback :: Loaded joker: basic_energy
INFO - [G] 2025-02-09 21:59:46 :: DEBUG :: Paperback :: Loaded joker: coffee
INFO - [G] 2025-02-09 21:59:46 :: DEBUG :: Paperback :: Loaded joker: cream_liqueur
INFO - [G] 2025-02-09 21:59:46 :: DEBUG :: Paperback :: Loaded joker: big_misser
INFO - [G] 2025-02-09 21:59:46 :: DEBUG :: Paperback :: Loaded joker: jestrica
INFO - [G] 2025-02-09 21:59:46 :: DEBUG :: Paperback :: Loaded joker: epic_sauce
INFO - [G] 2025-02-09 21:59:46 :: DEBUG :: Paperback :: Loaded joker: find_jimbo
INFO - [G] 2025-02-09 21:59:46 :: DEBUG :: Paperback :: Loaded joker: champagne
INFO - [G] 2025-02-09 21:59:46 :: DEBUG :: Paperback :: Loaded joker: apple
INFO - [G] 2025-02-09 21:59:46 :: DEBUG :: Paperback :: Loaded joker: alert
INFO - [G] 2025-02-09 21:59:46 :: DEBUG :: Paperback :: Loaded joker: legacy
INFO - [G] 2025-02-09 21:59:46 :: DEBUG :: Paperback :: Loaded joker: backpack
INFO - [G] 2025-02-09 21:59:46 :: DEBUG :: Paperback :: Loaded joker: pocket_pair
INFO - [G] [CRYPTID] Loading library file ascended.lua
INFO - [G] [CRYPTID] Loading library file calculate.lua
INFO - [G] [CRYPTID] Loading library file content.lua
INFO - [G] [CRYPTID] Loading library file cross-mod.lua
INFO - [G] [CRYPTID] Loading library file d20.lua
INFO - [G] [CRYPTID] Loading library file event.lua
INFO - [G] [CRYPTID] Loading library file gameset.lua
INFO - [G] [CRYPTID] Loading library file https.lua
INFO - [G] [CRYPTID] Loading library file misc.lua
INFO - [G] [CRYPTID] Loading library file misprintize.lua
INFO - [G] [CRYPTID] Loading library file modifiers.lua
INFO - [G] 2025-02-09 21:59:46 :: WARN  :: Sticker :: Detected duplicate register call on object perishable
INFO - [G] 2025-02-09 21:59:46 :: WARN  :: Sticker :: Detected duplicate register call on object pinned
INFO - [G] 2025-02-09 21:59:46 :: WARN  :: Sticker :: Detected duplicate register call on object eternal
INFO - [G] 2025-02-09 21:59:46 :: WARN  :: Sticker :: Detected duplicate register call on object rental
INFO - [G] [CRYPTID] Loading library file notifications.lua
INFO - [G] [CRYPTID] Loading library file overrides.lua
INFO - [G] [CRYPTID] Loading library file patch_common_events.lua
INFO - [G] line not found
INFO - [G] file not found: main.lua: No such file or directory
INFO - [G] file not found: main.lua: No such file or directory
INFO - [G] line not found
INFO - [G] line not found
INFO - [G] file not found: main.lua: No such file or directory
INFO - [G] 2025-02-09 21:59:46 :: ERROR :: StackTrace :: Oops! The game crashed
[SMODS Cryptid "Cryptid.lua"]:52: Error processing file 'lib/patch_common_events.lua' for mod with ID 'Cryptid': [SMODS Cryptid "lib/patch_common_events.lua"]:130: '}' expected (to close '{' at line 123) near ')'
Stack Traceback
===============
(1) Lua local 'handler' at file 'main.lua:612'
	Local variables:
	 msg = string: "[SMODS Cryptid \"Cryptid.lua\"]:52: Error processing file 'lib/patch_common_events.lua' for mod with ID 'Cryptid': [SMODS Cryptid \"lib/patch_common_events.lua\"]:130: '}' expected (to close '{' at line 123) near ')'"
	 (*temporary) = Lua function '?' (defined at line 31 of chunk [SMODS _ "src/logging.lua"])
	 (*temporary) = string: "Oops! The game crashed\
"
(2) LÖVE function at file 'boot.lua:352' (best guess)
	Local variables:
	 errhand = Lua function '?' (defined at line 598 of chunk main.lua)
	 handler = Lua function '?' (defined at line 598 of chunk main.lua)
(3) global C function 'error'
(4) main chunk of file 'Cryptid.lua' at line 52 (from mod with id Cryptid)
(5) Lua global 'loadMods' at Steamodded file 'src/loader.lua:571' 
	Local variables:
	 modsDirectory = string: "C:\\Users\\saydy\\AppData\\Roaming\\Balatro\\Mods"
	 header_components = table: 0x360e2de8  {version:table: 0x360d84a8, id:table: 0x360e2fc0, conflicts:table: 0x360d8398 (more...)}
	 json_spec = table: 0x360baa98  {version:table: 0x35f19af0, id:table: 0x360badc8, main_file:table: 0x35e93ba0 (more...)}
	 used_prefixes = table: 0x35e93d60  {bunc:Bunco, talisman:Talisman, cry:Cryptid}
	 lovely_directories = table: 0x35e93d88  {1:C:\Users\saydy\AppData\Roaming\Balatro\Mods/Bunco-main/, 2:C:\Users\saydy\AppData\Roaming\Balatro\Mods/Cosmos-0.0.2/ (more...)}
	 processDirectory = Lua function '?' (defined at line 185 of chunk [SMODS _ "src/loader.lua"])
	 keyset = table: 0x35dc4a18  {1:0, 2:2147483647}
	 check_dependencies = Lua function '?' (defined at line 419 of chunk [SMODS _ "src/loader.lua"])
	 (for generator) = C function: builtin#6
	 (for state) = table: 0x35dc4a18  {1:0, 2:2147483647}
	 (for control) = number: 2
	 _ = number: 2
	 priority = number: 2.14748e+09
	 (for generator) = C function: builtin#6
	 (for state) = table: 0x362c9ce8  {1:table: 0x35f389e0}
	 (for control) = number: 1
	 _ = number: 1
	 mod = table: 0x35f389e0  {version:0.5.4~dev2, id:Cryptid, main_file:Cryptid.lua, lovely:true, can_load:true (more...)}
(6) Lua global 'initSteamodded' at Steamodded file 'src/loader.lua:654' 
(7) Lua upvalue 'su' at file 'game.lua:320'
	Local variables:
	 self = table: 0x35d71820  {F_GUIDE:false, F_CRASH_REPORTS:false, F_QUIT_BUTTON:true, F_ENGLISH_ONLY:false (more...)}
	 settings = string: "return {[\"version\"]=\"1.0.1n-FULL\",[\"paused\"]=false,[\"QUEUED_CHANGE\"]={},[\"COMP\"]={[\"score\"]=2654976437898.9,[\"name\"]=\"\",[\"prev_name\"]=\"\",},[\"colourblind_option\"]=true,[\"play_button_pos\"]=2,[\"CUSTOM_DECK\"]={[\"Collabs\"]={[\"Spades\"]=\"collab_SK\",[\"bunc_Halberds\"]=\"default_bunc_Halberds\",[\"Clubs\"]=\"collab_WF\",[\"Hearts\"]=\"collab_CL\",[\"Diamonds\"]=\"collab_EG\",[\"bunc_Fleurons\"]=\"default_bunc_Fleurons\",},},[\"colour_palettes\"]={[\"Spades\"]=\"hc\",[\"bunc_Halberds\"]=\"def\",[\"Clubs\"]=\"hc\",[\"Hearts\"]=\"hc\",[\"Diamonds\"]=\"hc\",[\"bunc_Fleurons\"]=\"def\",},[\"crashreports\"]=false,[\"tutorial_progress\"]={[\"hold_parts\"]={[\"first_hand_3\"]=true,[\"second_hand\"]=true,[\"big_blind\"]=true,[\"first_hand_4\"]=true,[\"shop_1\"]=true,[\"small_blind\"]=true,[\"first_hand_2\"]=true,[\"first_hand\"]=true,},[\"section\"]=\"second_hand\",[\"completed_parts\"]={[\"first_hand\"]=true,[\"first_hand_3\"]=true,[\"shop_1\"]=true,[\"big_blind\"]=true,[\"first_hand_4\"]=true,[\"second_hand\"]=true,[\"first_hand_section\"]=true,[\"first_hand_2\"]=true,[\"small_blind\"]=true,},},[\"language\"]=\"en-us\",[\"ambient_control\"]={[\"ambientFire1\"]={[\"vol\"]=0,[\"per\"]=1.1,},[\"ambientOrgan1\"]={[\"vol\"]=0,[\"per\"]=0.7,},[\"ambientFire2\"]={[\"vol\"]=0,[\"per\"]=1.05,},[\"ambientFire3\"]={[\"vol\"]=0,[\"per\"]=1,},},[\"run_stake_stickers\"]=false,[\"WINDOW\"]={[\"vsync\"]=1,[\"display_names\"]={[1]=\"1\",},[\"screenmode\"]=\"Fullscreen\",[\"DISPLAYS\"]={[1]={[\"screen_resolutions\"]={[\"strings\"]={[14]=\"640 X 480\",[2]=\"1760 X 990\",[5]=\"1366 X 768\",[12]=\"720 X 480\",[11]=\"800 X 600\",[4]=\"1600 X 900\",[10]=\"1024 X 768\",[9]=\"1128 X 634\",[8]=\"1152 X 864\",[3]=\"1680 X 1050\",[7]=\"1280 X 720\",[1]=\"1920 X 1080\",[13]=\"720 X 400\",[6]=\"1280 X 1024\",},[\"values\"]={[14]={[\"w\"]=640,[\"h\"]=480,},[2]={[\"w\"]=1760,[\"h\"]=990,},[5]={[\"w\"]=1366,[\"h\"]=768,},[12]={[\"w\"]=720,[\"h\"]=480,},[11]={[\"w\"]=800,[\"h\"]=600,},[4]={[\"w\"]=1600,[\"h\"]=900,},[10]={[\"w\"]=1024,[\"h\"]=768,},[9]={[\"w\"]=1128,[\"h\"]=634,},[8]={[\"w\"]=1152,[\"h\"]=864,},[3]={[\"w\"]=1680,[\"h\"]=1050,},[7]={[\"w\"]=1280,[\"h\"]=720,},[1]={[\"w\"]=1920,[\"h\"]=1080,},[13]={[\"w\"]=720,[\"h\"]=400,},[6]={[\"w\"]=1280,[\"h\"]=1024,},},},[\"screen_res\"]={[\"w\"]=1920,[\"h\"]=1080,},[\"DPI_scale\"]=1,[\"MONITOR_DIMS\"]={[\"height\"]=1080,[\"width\"]=1920,},},},[\"selected_display\"]=1,},[\"screenshake\"]=50,[\"cryptid_notifs\"]={[\"jimball\"]=true,},[\"SOUND\"]={[\"volume\"]=8.5347249239974,[\"music_volume\"]=8.0422934262628,[\"game_sounds_volume\"]=13.466150853148,},[\"music_control\"]={[\"current_track\"]=\"\",[\"desired_track\"]=\"\",[\"lerp\"]=1,},[\"ACHIEVEMENTS_EARNED\"]={[\"speedrunner\"]=true,[\"_10k\"]=true,[\"retrograde\"]=true,[\"royale\"]=true,[\"card_player\"]=true,[\"_100000k\"]=true,[\"cartomancy\"]=true,[\"roi\"]=true,[\"heads_up\"]=true,[\"mid_stakes\"]=true,[\"completionist\"]=true,[\"low_stakes\"]=true,[\"_1000k\"]=true,[\"ante_upper\"]=true,[\"astronomy\"]=true,[\"card_discarder\"]=true,[\"big_hands\"]=true,[\"legendary\"]=true,[\"extreme_couponer\"]=true,[\"ach_cry_pull_request\"]=true,[\"nest_egg\"]=true,[\"high_stakes\"]=true,[\"clairvoyance\"]=true,[\"ante_up\"]=true,[\"you_get_what_you_get\"]=true,},[\"profile\"]=\"M1\",[\"current_setup\"]=\"Continue\",[\"GAMESPEED\"]=4,[\"tutorial_complete\"]=true,[\"DEMO\"]={[\"win_CTA_shown\"]=true,[\"quit_CTA_shown\"]=true,[\"timed_CTA_shown\"]=true,[\"total_uptime\"]=9.0819451169845,},[\"GRAPHICS\"]={[\"texture_scaling\"]=2,[\"crt\"]=100,[\"bloom\"]=1,[\"shadows\"]=\"On\",},}"
	 settings_ver = nil
	 new_colour_proto = table: 0x35d7a208  {Spades:table: 0x35d7a470, Hearts:table: 0x35d7a320, Diamonds:table: 0x35d7a3d8 (more...)}
	 sound_files = table: 0x361759f8  {1:ambientFire1.ogg, 2:ambientFire2.ogg, 3:ambientFire3.ogg, 4:ambientOrgan1.ogg (more...)}
	 shader_files = table: 0x361798d8  {1:CRT.fs, 2:background.fs, 3:booster.fs, 4:debuff.fs, 5:dissolve.fs, 6:flame.fs (more...)}
(8) Lua method 'start_up' at file 'main.lua:2021'
	Local variables:
	 self = table: 0x35d71820  {F_GUIDE:false, F_CRASH_REPORTS:false, F_QUIT_BUTTON:true, F_ENGLISH_ONLY:false (more...)}
(9) Lua field 'load' at file 'main.lua:957'
(10) Lua function '?' at file 'main.lua:892' (best guess)
(11) global C function 'xpcall'
(12) LÖVE function at file 'boot.lua:368' (best guess)
	Local variables:
	 result = boolean: true
	 main = nil
(13) global C function 'xpcall'
(14) LÖVE function at file 'boot.lua:377' (best guess)
	Local variables:
	 func = Lua function '(LÖVE Function)' (defined at line 355 of chunk [love "boot.lua"])
	 inerror = boolean: true
	 deferErrhand = Lua function '(LÖVE Function)' (defined at line 348 of chunk [love "boot.lua"])
	 earlyinit = Lua function '(LÖVE Function)' (defined at line 355 of chunk [love "boot.lua"])

INFO - [G] line not found
INFO - [G] line not found
INFO - [G] file not found: main.lua: No such file or directory
INFO - [G] 2025-02-09 21:59:46 :: INFO  :: StackTrace :: Additional Context:
Balatro Version: 1.0.1n-FULL
Modded Version: 1.0.0~ALPHA-1406a-STEAMODDED
LÖVE Version: 11.5.0
Lovely Version: 0.7.1
Platform: Windows
Steamodded Mods:
    1: Cryptid by MathIsFun_, Cryptid and Balatro Discords [ID: Cryptid, Priority: 2147483647, Version: 0.5.4~dev2, Uses Lovely]
    2: KCVanilla by krackocloud [ID: kcvanilla, Version: 2.2.2, Uses Lovely]
    3: Talisman by MathIsFun_, Mathguy24, jenwalter666, cg-223 [ID: Talisman, Version: 2.0.2, Uses Lovely]
        Break Infinity: omeganum
    4: Reverie by DVRP [ID: Reverie, Version: 1.4.1, Uses Lovely]
    5: Paperback by PaperMoon, OppositeWolf770, srockw, Nether, B [ID: paperback, Version: 0.5.0a, Uses Lovely]
    6: Bunco by Firch, RENREN, Peas, minichibis, J.D., Guwahavel, Ciirulean, ejwu [ID: Bunco, Version: 5.0, Uses Lovely]
    7: Cosmos by Cosmos [ID: Cosmos, Version: 1.0.0, Uses Lovely]
Lovely Mods:
